[0.141s] DEBUG:colcon:Command line arguments: ['/usr/bin/colcon', 'build']
[0.141s] DEBUG:colcon:Parsed command line arguments: Namespace(log_base=None, log_level=None, verb_name='build', build_base='build', install_base='install', merge_install=False, symlink_install=False, test_result_base=None, continue_on_error=False, executor='parallel', parallel_workers=20, event_handlers=None, ignore_user_meta=False, metas=['./colcon.meta'], base_paths=['.'], packages_ignore=None, packages_ignore_regex=None, paths=None, packages_up_to=None, packages_up_to_regex=None, packages_above=None, packages_above_and_dependencies=None, packages_above_depth=None, packages_select_by_dep=None, packages_skip_by_dep=None, packages_skip_up_to=None, packages_select_build_failed=False, packages_skip_build_finished=False, packages_select_test_failures=False, packages_skip_test_passed=False, packages_select=None, packages_skip=None, packages_select_regex=None, packages_skip_regex=None, packages_start=None, packages_end=None, allow_overriding=[], cmake_args=None, cmake_target=None, cmake_target_skip_unavailable=False, cmake_clean_cache=False, cmake_clean_first=False, cmake_force_configure=False, ament_cmake_args=None, catkin_cmake_args=None, catkin_skip_building_tests=False, mixin_files=None, mixin=None, verb_parser=<colcon_mixin.mixin.mixin_argument.MixinArgumentDecorator object at 0x7f14a70460e0>, verb_extension=<colcon_core.verb.build.BuildVerb object at 0x7f14a7045840>, main=<bound method BuildVerb.main of <colcon_core.verb.build.BuildVerb object at 0x7f14a7045840>>, mixin_verb=('build',))
[0.342s] Level 1:colcon.colcon_core.package_discovery:discover_packages(colcon_meta) check parameters
[0.342s] Level 1:colcon.colcon_core.package_discovery:discover_packages(recursive) check parameters
[0.342s] Level 1:colcon.colcon_core.package_discovery:discover_packages(ignore) check parameters
[0.342s] Level 1:colcon.colcon_core.package_discovery:discover_packages(path) check parameters
[0.342s] Level 1:colcon.colcon_core.package_discovery:discover_packages(colcon_meta) discover
[0.342s] Level 1:colcon.colcon_core.package_discovery:discover_packages(recursive) discover
[0.342s] INFO:colcon.colcon_core.package_discovery:Crawling recursively for packages in '/home/adwait/workspace/flir_camera_driver'
[0.342s] Level 1:colcon.colcon_core.package_identification:_identify(.) by extensions ['ignore', 'ignore_ament_install']
[0.342s] Level 1:colcon.colcon_core.package_identification:_identify(.) by extension 'ignore'
[0.342s] Level 1:colcon.colcon_core.package_identification:_identify(.) by extension 'ignore_ament_install'
[0.342s] Level 1:colcon.colcon_core.package_identification:_identify(.) by extensions ['colcon_pkg']
[0.342s] Level 1:colcon.colcon_core.package_identification:_identify(.) by extension 'colcon_pkg'
[0.342s] Level 1:colcon.colcon_core.package_identification:_identify(.) by extensions ['colcon_meta']
[0.342s] Level 1:colcon.colcon_core.package_identification:_identify(.) by extension 'colcon_meta'
[0.342s] Level 1:colcon.colcon_core.package_identification:_identify(.) by extensions ['ros']
[0.342s] Level 1:colcon.colcon_core.package_identification:_identify(.) by extension 'ros'
[0.349s] Level 1:colcon.colcon_core.package_identification:_identify(.) by extensions ['cmake', 'python']
[0.349s] Level 1:colcon.colcon_core.package_identification:_identify(.) by extension 'cmake'
[0.349s] Level 1:colcon.colcon_core.package_identification:_identify(.) by extension 'python'
[0.349s] Level 1:colcon.colcon_core.package_identification:_identify(.) by extensions ['python_setup_py']
[0.349s] Level 1:colcon.colcon_core.package_identification:_identify(.) by extension 'python_setup_py'
[0.349s] Level 1:colcon.colcon_core.package_identification:_identify(build) by extensions ['ignore', 'ignore_ament_install']
[0.349s] Level 1:colcon.colcon_core.package_identification:_identify(build) by extension 'ignore'
[0.349s] Level 1:colcon.colcon_core.package_identification:_identify(build) ignored
[0.349s] Level 1:colcon.colcon_core.package_identification:_identify(doc) by extensions ['ignore', 'ignore_ament_install']
[0.349s] Level 1:colcon.colcon_core.package_identification:_identify(doc) by extension 'ignore'
[0.350s] Level 1:colcon.colcon_core.package_identification:_identify(doc) by extension 'ignore_ament_install'
[0.350s] Level 1:colcon.colcon_core.package_identification:_identify(doc) by extensions ['colcon_pkg']
[0.350s] Level 1:colcon.colcon_core.package_identification:_identify(doc) by extension 'colcon_pkg'
[0.350s] Level 1:colcon.colcon_core.package_identification:_identify(doc) by extensions ['colcon_meta']
[0.350s] Level 1:colcon.colcon_core.package_identification:_identify(doc) by extension 'colcon_meta'
[0.350s] Level 1:colcon.colcon_core.package_identification:_identify(doc) by extensions ['ros']
[0.350s] Level 1:colcon.colcon_core.package_identification:_identify(doc) by extension 'ros'
[0.350s] Level 1:colcon.colcon_core.package_identification:_identify(doc) by extensions ['cmake', 'python']
[0.350s] Level 1:colcon.colcon_core.package_identification:_identify(doc) by extension 'cmake'
[0.350s] Level 1:colcon.colcon_core.package_identification:_identify(doc) by extension 'python'
[0.350s] Level 1:colcon.colcon_core.package_identification:_identify(doc) by extensions ['python_setup_py']
[0.350s] Level 1:colcon.colcon_core.package_identification:_identify(doc) by extension 'python_setup_py'
[0.350s] Level 1:colcon.colcon_core.package_identification:_identify(flir_camera_description) by extensions ['ignore', 'ignore_ament_install']
[0.350s] Level 1:colcon.colcon_core.package_identification:_identify(flir_camera_description) by extension 'ignore'
[0.350s] Level 1:colcon.colcon_core.package_identification:_identify(flir_camera_description) by extension 'ignore_ament_install'
[0.350s] Level 1:colcon.colcon_core.package_identification:_identify(flir_camera_description) by extensions ['colcon_pkg']
[0.350s] Level 1:colcon.colcon_core.package_identification:_identify(flir_camera_description) by extension 'colcon_pkg'
[0.350s] Level 1:colcon.colcon_core.package_identification:_identify(flir_camera_description) by extensions ['colcon_meta']
[0.350s] Level 1:colcon.colcon_core.package_identification:_identify(flir_camera_description) by extension 'colcon_meta'
[0.350s] Level 1:colcon.colcon_core.package_identification:_identify(flir_camera_description) by extensions ['ros']
[0.350s] Level 1:colcon.colcon_core.package_identification:_identify(flir_camera_description) by extension 'ros'
[0.352s] DEBUG:colcon.colcon_core.package_identification:Package 'flir_camera_description' with type 'ros.ament_cmake' and name 'flir_camera_description'
[0.352s] Level 1:colcon.colcon_core.package_identification:_identify(flir_camera_msgs) by extensions ['ignore', 'ignore_ament_install']
[0.352s] Level 1:colcon.colcon_core.package_identification:_identify(flir_camera_msgs) by extension 'ignore'
[0.352s] Level 1:colcon.colcon_core.package_identification:_identify(flir_camera_msgs) by extension 'ignore_ament_install'
[0.352s] Level 1:colcon.colcon_core.package_identification:_identify(flir_camera_msgs) by extensions ['colcon_pkg']
[0.352s] Level 1:colcon.colcon_core.package_identification:_identify(flir_camera_msgs) by extension 'colcon_pkg'
[0.352s] Level 1:colcon.colcon_core.package_identification:_identify(flir_camera_msgs) by extensions ['colcon_meta']
[0.352s] Level 1:colcon.colcon_core.package_identification:_identify(flir_camera_msgs) by extension 'colcon_meta'
[0.352s] Level 1:colcon.colcon_core.package_identification:_identify(flir_camera_msgs) by extensions ['ros']
[0.352s] Level 1:colcon.colcon_core.package_identification:_identify(flir_camera_msgs) by extension 'ros'
[0.352s] DEBUG:colcon.colcon_core.package_identification:Package 'flir_camera_msgs' with type 'ros.ament_cmake' and name 'flir_camera_msgs'
[0.352s] Level 1:colcon.colcon_core.package_identification:_identify(install) by extensions ['ignore', 'ignore_ament_install']
[0.353s] Level 1:colcon.colcon_core.package_identification:_identify(install) by extension 'ignore'
[0.353s] Level 1:colcon.colcon_core.package_identification:_identify(install) ignored
[0.353s] Level 1:colcon.colcon_core.package_identification:_identify(log) by extensions ['ignore', 'ignore_ament_install']
[0.353s] Level 1:colcon.colcon_core.package_identification:_identify(log) by extension 'ignore'
[0.353s] Level 1:colcon.colcon_core.package_identification:_identify(log) ignored
[0.353s] Level 1:colcon.colcon_core.package_identification:_identify(spinnaker_camera_driver) by extensions ['ignore', 'ignore_ament_install']
[0.353s] Level 1:colcon.colcon_core.package_identification:_identify(spinnaker_camera_driver) by extension 'ignore'
[0.353s] Level 1:colcon.colcon_core.package_identification:_identify(spinnaker_camera_driver) by extension 'ignore_ament_install'
[0.353s] Level 1:colcon.colcon_core.package_identification:_identify(spinnaker_camera_driver) by extensions ['colcon_pkg']
[0.353s] Level 1:colcon.colcon_core.package_identification:_identify(spinnaker_camera_driver) by extension 'colcon_pkg'
[0.353s] Level 1:colcon.colcon_core.package_identification:_identify(spinnaker_camera_driver) by extensions ['colcon_meta']
[0.353s] Level 1:colcon.colcon_core.package_identification:_identify(spinnaker_camera_driver) by extension 'colcon_meta'
[0.353s] Level 1:colcon.colcon_core.package_identification:_identify(spinnaker_camera_driver) by extensions ['ros']
[0.353s] Level 1:colcon.colcon_core.package_identification:_identify(spinnaker_camera_driver) by extension 'ros'
[0.354s] DEBUG:colcon.colcon_core.package_identification:Package 'spinnaker_camera_driver' with type 'ros.ament_cmake' and name 'spinnaker_camera_driver'
[0.354s] Level 1:colcon.colcon_core.package_identification:_identify(spinnaker_synchronized_camera_driver) by extensions ['ignore', 'ignore_ament_install']
[0.354s] Level 1:colcon.colcon_core.package_identification:_identify(spinnaker_synchronized_camera_driver) by extension 'ignore'
[0.354s] Level 1:colcon.colcon_core.package_identification:_identify(spinnaker_synchronized_camera_driver) by extension 'ignore_ament_install'
[0.354s] Level 1:colcon.colcon_core.package_identification:_identify(spinnaker_synchronized_camera_driver) by extensions ['colcon_pkg']
[0.354s] Level 1:colcon.colcon_core.package_identification:_identify(spinnaker_synchronized_camera_driver) by extension 'colcon_pkg'
[0.354s] Level 1:colcon.colcon_core.package_identification:_identify(spinnaker_synchronized_camera_driver) by extensions ['colcon_meta']
[0.354s] Level 1:colcon.colcon_core.package_identification:_identify(spinnaker_synchronized_camera_driver) by extension 'colcon_meta'
[0.354s] Level 1:colcon.colcon_core.package_identification:_identify(spinnaker_synchronized_camera_driver) by extensions ['ros']
[0.354s] Level 1:colcon.colcon_core.package_identification:_identify(spinnaker_synchronized_camera_driver) by extension 'ros'
[0.355s] DEBUG:colcon.colcon_core.package_identification:Package 'spinnaker_synchronized_camera_driver' with type 'ros.ament_cmake' and name 'spinnaker_synchronized_camera_driver'
[0.355s] Level 1:colcon.colcon_core.package_discovery:discover_packages(recursive) using defaults
[0.355s] Level 1:colcon.colcon_core.package_discovery:discover_packages(ignore) discover
[0.355s] Level 1:colcon.colcon_core.package_discovery:discover_packages(ignore) using defaults
[0.355s] Level 1:colcon.colcon_core.package_discovery:discover_packages(path) discover
[0.355s] Level 1:colcon.colcon_core.package_discovery:discover_packages(path) using defaults
[0.374s] Level 1:colcon.colcon_core.package_discovery:discover_packages(prefix_path) check parameters
[0.374s] Level 1:colcon.colcon_core.package_discovery:discover_packages(prefix_path) discover
[0.376s] DEBUG:colcon.colcon_installed_package_information.package_discovery:Found 286 installed packages in /opt/ros/humble
[0.377s] Level 1:colcon.colcon_core.package_discovery:discover_packages(prefix_path) using defaults
[0.396s] Level 5:colcon.colcon_core.verb:set package 'flir_camera_description' build argument 'cmake_args' from command line to 'None'
[0.396s] Level 5:colcon.colcon_core.verb:set package 'flir_camera_description' build argument 'cmake_target' from command line to 'None'
[0.396s] Level 5:colcon.colcon_core.verb:set package 'flir_camera_description' build argument 'cmake_target_skip_unavailable' from command line to 'False'
[0.396s] Level 5:colcon.colcon_core.verb:set package 'flir_camera_description' build argument 'cmake_clean_cache' from command line to 'False'
[0.396s] Level 5:colcon.colcon_core.verb:set package 'flir_camera_description' build argument 'cmake_clean_first' from command line to 'False'
[0.396s] Level 5:colcon.colcon_core.verb:set package 'flir_camera_description' build argument 'cmake_force_configure' from command line to 'False'
[0.396s] Level 5:colcon.colcon_core.verb:set package 'flir_camera_description' build argument 'ament_cmake_args' from command line to 'None'
[0.396s] Level 5:colcon.colcon_core.verb:set package 'flir_camera_description' build argument 'catkin_cmake_args' from command line to 'None'
[0.396s] Level 5:colcon.colcon_core.verb:set package 'flir_camera_description' build argument 'catkin_skip_building_tests' from command line to 'False'
[0.396s] DEBUG:colcon.colcon_core.verb:Building package 'flir_camera_description' with the following arguments: {'ament_cmake_args': None, 'build_base': '/home/adwait/workspace/flir_camera_driver/build/flir_camera_description', 'catkin_cmake_args': None, 'catkin_skip_building_tests': False, 'cmake_args': None, 'cmake_clean_cache': False, 'cmake_clean_first': False, 'cmake_force_configure': False, 'cmake_target': None, 'cmake_target_skip_unavailable': False, 'install_base': '/home/adwait/workspace/flir_camera_driver/install/flir_camera_description', 'merge_install': False, 'path': '/home/adwait/workspace/flir_camera_driver/flir_camera_description', 'symlink_install': False, 'test_result_base': None}
[0.396s] Level 5:colcon.colcon_core.verb:set package 'flir_camera_msgs' build argument 'cmake_args' from command line to 'None'
[0.396s] Level 5:colcon.colcon_core.verb:set package 'flir_camera_msgs' build argument 'cmake_target' from command line to 'None'
[0.396s] Level 5:colcon.colcon_core.verb:set package 'flir_camera_msgs' build argument 'cmake_target_skip_unavailable' from command line to 'False'
[0.396s] Level 5:colcon.colcon_core.verb:set package 'flir_camera_msgs' build argument 'cmake_clean_cache' from command line to 'False'
[0.396s] Level 5:colcon.colcon_core.verb:set package 'flir_camera_msgs' build argument 'cmake_clean_first' from command line to 'False'
[0.396s] Level 5:colcon.colcon_core.verb:set package 'flir_camera_msgs' build argument 'cmake_force_configure' from command line to 'False'
[0.396s] Level 5:colcon.colcon_core.verb:set package 'flir_camera_msgs' build argument 'ament_cmake_args' from command line to 'None'
[0.396s] Level 5:colcon.colcon_core.verb:set package 'flir_camera_msgs' build argument 'catkin_cmake_args' from command line to 'None'
[0.396s] Level 5:colcon.colcon_core.verb:set package 'flir_camera_msgs' build argument 'catkin_skip_building_tests' from command line to 'False'
[0.396s] DEBUG:colcon.colcon_core.verb:Building package 'flir_camera_msgs' with the following arguments: {'ament_cmake_args': None, 'build_base': '/home/adwait/workspace/flir_camera_driver/build/flir_camera_msgs', 'catkin_cmake_args': None, 'catkin_skip_building_tests': False, 'cmake_args': None, 'cmake_clean_cache': False, 'cmake_clean_first': False, 'cmake_force_configure': False, 'cmake_target': None, 'cmake_target_skip_unavailable': False, 'install_base': '/home/adwait/workspace/flir_camera_driver/install/flir_camera_msgs', 'merge_install': False, 'path': '/home/adwait/workspace/flir_camera_driver/flir_camera_msgs', 'symlink_install': False, 'test_result_base': None}
[0.396s] Level 5:colcon.colcon_core.verb:set package 'spinnaker_camera_driver' build argument 'cmake_args' from command line to 'None'
[0.396s] Level 5:colcon.colcon_core.verb:set package 'spinnaker_camera_driver' build argument 'cmake_target' from command line to 'None'
[0.396s] Level 5:colcon.colcon_core.verb:set package 'spinnaker_camera_driver' build argument 'cmake_target_skip_unavailable' from command line to 'False'
[0.396s] Level 5:colcon.colcon_core.verb:set package 'spinnaker_camera_driver' build argument 'cmake_clean_cache' from command line to 'False'
[0.396s] Level 5:colcon.colcon_core.verb:set package 'spinnaker_camera_driver' build argument 'cmake_clean_first' from command line to 'False'
[0.396s] Level 5:colcon.colcon_core.verb:set package 'spinnaker_camera_driver' build argument 'cmake_force_configure' from command line to 'False'
[0.396s] Level 5:colcon.colcon_core.verb:set package 'spinnaker_camera_driver' build argument 'ament_cmake_args' from command line to 'None'
[0.396s] Level 5:colcon.colcon_core.verb:set package 'spinnaker_camera_driver' build argument 'catkin_cmake_args' from command line to 'None'
[0.396s] Level 5:colcon.colcon_core.verb:set package 'spinnaker_camera_driver' build argument 'catkin_skip_building_tests' from command line to 'False'
[0.396s] DEBUG:colcon.colcon_core.verb:Building package 'spinnaker_camera_driver' with the following arguments: {'ament_cmake_args': None, 'build_base': '/home/adwait/workspace/flir_camera_driver/build/spinnaker_camera_driver', 'catkin_cmake_args': None, 'catkin_skip_building_tests': False, 'cmake_args': None, 'cmake_clean_cache': False, 'cmake_clean_first': False, 'cmake_force_configure': False, 'cmake_target': None, 'cmake_target_skip_unavailable': False, 'install_base': '/home/adwait/workspace/flir_camera_driver/install/spinnaker_camera_driver', 'merge_install': False, 'path': '/home/adwait/workspace/flir_camera_driver/spinnaker_camera_driver', 'symlink_install': False, 'test_result_base': None}
[0.397s] Level 5:colcon.colcon_core.verb:set package 'spinnaker_synchronized_camera_driver' build argument 'cmake_args' from command line to 'None'
[0.397s] Level 5:colcon.colcon_core.verb:set package 'spinnaker_synchronized_camera_driver' build argument 'cmake_target' from command line to 'None'
[0.397s] Level 5:colcon.colcon_core.verb:set package 'spinnaker_synchronized_camera_driver' build argument 'cmake_target_skip_unavailable' from command line to 'False'
[0.397s] Level 5:colcon.colcon_core.verb:set package 'spinnaker_synchronized_camera_driver' build argument 'cmake_clean_cache' from command line to 'False'
[0.397s] Level 5:colcon.colcon_core.verb:set package 'spinnaker_synchronized_camera_driver' build argument 'cmake_clean_first' from command line to 'False'
[0.397s] Level 5:colcon.colcon_core.verb:set package 'spinnaker_synchronized_camera_driver' build argument 'cmake_force_configure' from command line to 'False'
[0.397s] Level 5:colcon.colcon_core.verb:set package 'spinnaker_synchronized_camera_driver' build argument 'ament_cmake_args' from command line to 'None'
[0.397s] Level 5:colcon.colcon_core.verb:set package 'spinnaker_synchronized_camera_driver' build argument 'catkin_cmake_args' from command line to 'None'
[0.397s] Level 5:colcon.colcon_core.verb:set package 'spinnaker_synchronized_camera_driver' build argument 'catkin_skip_building_tests' from command line to 'False'
[0.397s] DEBUG:colcon.colcon_core.verb:Building package 'spinnaker_synchronized_camera_driver' with the following arguments: {'ament_cmake_args': None, 'build_base': '/home/adwait/workspace/flir_camera_driver/build/spinnaker_synchronized_camera_driver', 'catkin_cmake_args': None, 'catkin_skip_building_tests': False, 'cmake_args': None, 'cmake_clean_cache': False, 'cmake_clean_first': False, 'cmake_force_configure': False, 'cmake_target': None, 'cmake_target_skip_unavailable': False, 'install_base': '/home/adwait/workspace/flir_camera_driver/install/spinnaker_synchronized_camera_driver', 'merge_install': False, 'path': '/home/adwait/workspace/flir_camera_driver/spinnaker_synchronized_camera_driver', 'symlink_install': False, 'test_result_base': None}
[0.397s] INFO:colcon.colcon_core.executor:Executing jobs using 'parallel' executor
[0.398s] DEBUG:colcon.colcon_parallel_executor.executor.parallel:run_until_complete
[0.398s] INFO:colcon.colcon_ros.task.ament_cmake.build:Building ROS package in '/home/adwait/workspace/flir_camera_driver/flir_camera_msgs' with build type 'ament_cmake'
[0.398s] INFO:colcon.colcon_cmake.task.cmake.build:Building CMake package in '/home/adwait/workspace/flir_camera_driver/flir_camera_msgs'
[0.399s] INFO:colcon.colcon_core.plugin_system:Skipping extension 'colcon_core.shell.bat': Not used on non-Windows systems
[0.400s] INFO:colcon.colcon_core.shell:Skip shell extension 'powershell' for command environment: Not usable outside of PowerShell
[0.400s] DEBUG:colcon.colcon_core.shell:Skip shell extension 'dsv' for command environment
[0.401s] INFO:colcon.colcon_ros.task.ament_cmake.build:Building ROS package in '/home/adwait/workspace/flir_camera_driver/flir_camera_description' with build type 'ament_cmake'
[0.402s] INFO:colcon.colcon_cmake.task.cmake.build:Building CMake package in '/home/adwait/workspace/flir_camera_driver/flir_camera_description'
[0.402s] INFO:colcon.colcon_core.shell:Skip shell extension 'powershell' for command environment: Not usable outside of PowerShell
[0.402s] DEBUG:colcon.colcon_core.shell:Skip shell extension 'dsv' for command environment
[0.407s] DEBUG:colcon.colcon_core.event_handler.log_command:Invoking command in '/home/adwait/workspace/flir_camera_driver/build/flir_camera_msgs': CMAKE_PREFIX_PATH=/opt/ros/humble /usr/local/bin/cmake /home/adwait/workspace/flir_camera_driver/flir_camera_msgs -DCMAKE_INSTALL_PREFIX=/home/adwait/workspace/flir_camera_driver/install/flir_camera_msgs
[0.412s] DEBUG:colcon.colcon_core.event_handler.log_command:Invoking command in '/home/adwait/workspace/flir_camera_driver/build/flir_camera_description': CMAKE_PREFIX_PATH=/opt/ros/humble /usr/local/bin/cmake /home/adwait/workspace/flir_camera_driver/flir_camera_description -DCMAKE_INSTALL_PREFIX=/home/adwait/workspace/flir_camera_driver/install/flir_camera_description
[0.635s] DEBUG:colcon.colcon_core.event_handler.log_command:Invoked command in '/home/adwait/workspace/flir_camera_driver/build/flir_camera_description' returned '0': CMAKE_PREFIX_PATH=/opt/ros/humble /usr/local/bin/cmake /home/adwait/workspace/flir_camera_driver/flir_camera_description -DCMAKE_INSTALL_PREFIX=/home/adwait/workspace/flir_camera_driver/install/flir_camera_description
[0.636s] DEBUG:colcon.colcon_core.event_handler.log_command:Invoking command in '/home/adwait/workspace/flir_camera_driver/build/flir_camera_description': CMAKE_PREFIX_PATH=/opt/ros/humble /usr/local/bin/cmake --build /home/adwait/workspace/flir_camera_driver/build/flir_camera_description -- -j20 -l20
[0.645s] DEBUG:colcon.colcon_core.event_handler.log_command:Invoked command in '/home/adwait/workspace/flir_camera_driver/build/flir_camera_description' returned '0': CMAKE_PREFIX_PATH=/opt/ros/humble /usr/local/bin/cmake --build /home/adwait/workspace/flir_camera_driver/build/flir_camera_description -- -j20 -l20
[0.649s] DEBUG:colcon.colcon_core.event_handler.log_command:Invoking command in '/home/adwait/workspace/flir_camera_driver/build/flir_camera_description': CMAKE_PREFIX_PATH=/opt/ros/humble /usr/local/bin/cmake --install /home/adwait/workspace/flir_camera_driver/build/flir_camera_description
[0.657s] Level 1:colcon.colcon_core.environment:create_environment_scripts_only(flir_camera_description)
[0.657s] DEBUG:colcon.colcon_core.event_handler.log_command:Invoked command in '/home/adwait/workspace/flir_camera_driver/build/flir_camera_description' returned '0': CMAKE_PREFIX_PATH=/opt/ros/humble /usr/local/bin/cmake --install /home/adwait/workspace/flir_camera_driver/build/flir_camera_description
[0.659s] Level 1:colcon.colcon_core.environment:checking '/home/adwait/workspace/flir_camera_driver/install/flir_camera_description' for CMake module files
[0.659s] Level 1:colcon.colcon_core.environment:checking '/home/adwait/workspace/flir_camera_driver/install/flir_camera_description' for CMake config files
[0.659s] Level 1:colcon.colcon_core.shell:create_environment_hook('flir_camera_description', 'cmake_prefix_path')
[0.659s] INFO:colcon.colcon_core.shell:Creating environment hook '/home/adwait/workspace/flir_camera_driver/install/flir_camera_description/share/flir_camera_description/hook/cmake_prefix_path.ps1'
[0.660s] INFO:colcon.colcon_core.shell:Creating environment descriptor '/home/adwait/workspace/flir_camera_driver/install/flir_camera_description/share/flir_camera_description/hook/cmake_prefix_path.dsv'
[0.661s] INFO:colcon.colcon_core.shell:Creating environment hook '/home/adwait/workspace/flir_camera_driver/install/flir_camera_description/share/flir_camera_description/hook/cmake_prefix_path.sh'
[0.661s] Level 1:colcon.colcon_core.environment:checking '/home/adwait/workspace/flir_camera_driver/install/flir_camera_description/bin'
[0.662s] Level 1:colcon.colcon_core.environment:checking '/home/adwait/workspace/flir_camera_driver/install/flir_camera_description/lib/pkgconfig/flir_camera_description.pc'
[0.662s] Level 1:colcon.colcon_core.environment:checking '/home/adwait/workspace/flir_camera_driver/install/flir_camera_description/lib/python3.10/site-packages'
[0.662s] Level 1:colcon.colcon_core.environment:checking '/home/adwait/workspace/flir_camera_driver/install/flir_camera_description/bin'
[0.662s] INFO:colcon.colcon_core.shell:Creating package script '/home/adwait/workspace/flir_camera_driver/install/flir_camera_description/share/flir_camera_description/package.ps1'
[0.663s] INFO:colcon.colcon_core.shell:Creating package descriptor '/home/adwait/workspace/flir_camera_driver/install/flir_camera_description/share/flir_camera_description/package.dsv'
[0.663s] INFO:colcon.colcon_core.shell:Creating package script '/home/adwait/workspace/flir_camera_driver/install/flir_camera_description/share/flir_camera_description/package.sh'
[0.663s] INFO:colcon.colcon_core.shell:Creating package script '/home/adwait/workspace/flir_camera_driver/install/flir_camera_description/share/flir_camera_description/package.bash'
[0.664s] INFO:colcon.colcon_core.shell:Creating package script '/home/adwait/workspace/flir_camera_driver/install/flir_camera_description/share/flir_camera_description/package.zsh'
[0.664s] Level 1:colcon.colcon_core.environment:create_file_with_runtime_dependencies(/home/adwait/workspace/flir_camera_driver/install/flir_camera_description/share/colcon-core/packages/flir_camera_description)
[0.664s] Level 1:colcon.colcon_core.environment:create_environment_scripts_only(flir_camera_description)
[0.665s] Level 1:colcon.colcon_core.environment:checking '/home/adwait/workspace/flir_camera_driver/install/flir_camera_description' for CMake module files
[0.665s] Level 1:colcon.colcon_core.environment:checking '/home/adwait/workspace/flir_camera_driver/install/flir_camera_description' for CMake config files
[0.665s] Level 1:colcon.colcon_core.shell:create_environment_hook('flir_camera_description', 'cmake_prefix_path')
[0.665s] INFO:colcon.colcon_core.shell:Creating environment hook '/home/adwait/workspace/flir_camera_driver/install/flir_camera_description/share/flir_camera_description/hook/cmake_prefix_path.ps1'
[0.665s] INFO:colcon.colcon_core.shell:Creating environment descriptor '/home/adwait/workspace/flir_camera_driver/install/flir_camera_description/share/flir_camera_description/hook/cmake_prefix_path.dsv'
[0.666s] INFO:colcon.colcon_core.shell:Creating environment hook '/home/adwait/workspace/flir_camera_driver/install/flir_camera_description/share/flir_camera_description/hook/cmake_prefix_path.sh'
[0.666s] Level 1:colcon.colcon_core.environment:checking '/home/adwait/workspace/flir_camera_driver/install/flir_camera_description/bin'
[0.666s] Level 1:colcon.colcon_core.environment:checking '/home/adwait/workspace/flir_camera_driver/install/flir_camera_description/lib/pkgconfig/flir_camera_description.pc'
[0.666s] Level 1:colcon.colcon_core.environment:checking '/home/adwait/workspace/flir_camera_driver/install/flir_camera_description/lib/python3.10/site-packages'
[0.666s] Level 1:colcon.colcon_core.environment:checking '/home/adwait/workspace/flir_camera_driver/install/flir_camera_description/bin'
[0.666s] INFO:colcon.colcon_core.shell:Creating package script '/home/adwait/workspace/flir_camera_driver/install/flir_camera_description/share/flir_camera_description/package.ps1'
[0.667s] INFO:colcon.colcon_core.shell:Creating package descriptor '/home/adwait/workspace/flir_camera_driver/install/flir_camera_description/share/flir_camera_description/package.dsv'
[0.667s] INFO:colcon.colcon_core.shell:Creating package script '/home/adwait/workspace/flir_camera_driver/install/flir_camera_description/share/flir_camera_description/package.sh'
[0.667s] INFO:colcon.colcon_core.shell:Creating package script '/home/adwait/workspace/flir_camera_driver/install/flir_camera_description/share/flir_camera_description/package.bash'
[0.667s] INFO:colcon.colcon_core.shell:Creating package script '/home/adwait/workspace/flir_camera_driver/install/flir_camera_description/share/flir_camera_description/package.zsh'
[0.668s] Level 1:colcon.colcon_core.environment:create_file_with_runtime_dependencies(/home/adwait/workspace/flir_camera_driver/install/flir_camera_description/share/colcon-core/packages/flir_camera_description)
[2.284s] DEBUG:colcon.colcon_core.event_handler.log_command:Invoked command in '/home/adwait/workspace/flir_camera_driver/build/flir_camera_msgs' returned '0': CMAKE_PREFIX_PATH=/opt/ros/humble /usr/local/bin/cmake /home/adwait/workspace/flir_camera_driver/flir_camera_msgs -DCMAKE_INSTALL_PREFIX=/home/adwait/workspace/flir_camera_driver/install/flir_camera_msgs
[2.284s] DEBUG:colcon.colcon_core.event_handler.log_command:Invoking command in '/home/adwait/workspace/flir_camera_driver/build/flir_camera_msgs': CMAKE_PREFIX_PATH=/opt/ros/humble /usr/local/bin/cmake --build /home/adwait/workspace/flir_camera_driver/build/flir_camera_msgs -- -j20 -l20
[4.077s] DEBUG:colcon.colcon_core.event_handler.log_command:Invoked command in '/home/adwait/workspace/flir_camera_driver/build/flir_camera_msgs' returned '0': CMAKE_PREFIX_PATH=/opt/ros/humble /usr/local/bin/cmake --build /home/adwait/workspace/flir_camera_driver/build/flir_camera_msgs -- -j20 -l20
[4.079s] DEBUG:colcon.colcon_core.event_handler.log_command:Invoking command in '/home/adwait/workspace/flir_camera_driver/build/flir_camera_msgs': CMAKE_PREFIX_PATH=/opt/ros/humble /usr/local/bin/cmake --install /home/adwait/workspace/flir_camera_driver/build/flir_camera_msgs
[4.119s] Level 1:colcon.colcon_core.environment:create_environment_scripts_only(flir_camera_msgs)
[4.119s] DEBUG:colcon.colcon_core.event_handler.log_command:Invoked command in '/home/adwait/workspace/flir_camera_driver/build/flir_camera_msgs' returned '0': CMAKE_PREFIX_PATH=/opt/ros/humble /usr/local/bin/cmake --install /home/adwait/workspace/flir_camera_driver/build/flir_camera_msgs
[4.119s] Level 1:colcon.colcon_core.environment:checking '/home/adwait/workspace/flir_camera_driver/install/flir_camera_msgs' for CMake module files
[4.120s] Level 1:colcon.colcon_core.environment:checking '/home/adwait/workspace/flir_camera_driver/install/flir_camera_msgs' for CMake config files
[4.120s] Level 1:colcon.colcon_core.shell:create_environment_hook('flir_camera_msgs', 'cmake_prefix_path')
[4.120s] INFO:colcon.colcon_core.shell:Creating environment hook '/home/adwait/workspace/flir_camera_driver/install/flir_camera_msgs/share/flir_camera_msgs/hook/cmake_prefix_path.ps1'
[4.121s] INFO:colcon.colcon_core.shell:Creating environment descriptor '/home/adwait/workspace/flir_camera_driver/install/flir_camera_msgs/share/flir_camera_msgs/hook/cmake_prefix_path.dsv'
[4.121s] INFO:colcon.colcon_core.shell:Creating environment hook '/home/adwait/workspace/flir_camera_driver/install/flir_camera_msgs/share/flir_camera_msgs/hook/cmake_prefix_path.sh'
[4.121s] Level 1:colcon.colcon_core.environment:checking '/home/adwait/workspace/flir_camera_driver/install/flir_camera_msgs/lib'
[4.121s] Level 1:colcon.colcon_core.shell:create_environment_hook('flir_camera_msgs', 'ld_library_path_lib')
[4.122s] INFO:colcon.colcon_core.shell:Creating environment hook '/home/adwait/workspace/flir_camera_driver/install/flir_camera_msgs/share/flir_camera_msgs/hook/ld_library_path_lib.ps1'
[4.122s] INFO:colcon.colcon_core.shell:Creating environment descriptor '/home/adwait/workspace/flir_camera_driver/install/flir_camera_msgs/share/flir_camera_msgs/hook/ld_library_path_lib.dsv'
[4.122s] INFO:colcon.colcon_core.shell:Creating environment hook '/home/adwait/workspace/flir_camera_driver/install/flir_camera_msgs/share/flir_camera_msgs/hook/ld_library_path_lib.sh'
[4.122s] Level 1:colcon.colcon_core.environment:checking '/home/adwait/workspace/flir_camera_driver/install/flir_camera_msgs/bin'
[4.122s] Level 1:colcon.colcon_core.environment:checking '/home/adwait/workspace/flir_camera_driver/install/flir_camera_msgs/lib/pkgconfig/flir_camera_msgs.pc'
[4.122s] Level 1:colcon.colcon_core.environment:checking '/home/adwait/workspace/flir_camera_driver/install/flir_camera_msgs/lib/python3.10/site-packages'
[4.122s] Level 1:colcon.colcon_core.environment:checking '/home/adwait/workspace/flir_camera_driver/install/flir_camera_msgs/bin'
[4.123s] INFO:colcon.colcon_core.shell:Creating package script '/home/adwait/workspace/flir_camera_driver/install/flir_camera_msgs/share/flir_camera_msgs/package.ps1'
[4.123s] INFO:colcon.colcon_core.shell:Creating package descriptor '/home/adwait/workspace/flir_camera_driver/install/flir_camera_msgs/share/flir_camera_msgs/package.dsv'
[4.123s] INFO:colcon.colcon_core.shell:Creating package script '/home/adwait/workspace/flir_camera_driver/install/flir_camera_msgs/share/flir_camera_msgs/package.sh'
[4.123s] INFO:colcon.colcon_core.shell:Creating package script '/home/adwait/workspace/flir_camera_driver/install/flir_camera_msgs/share/flir_camera_msgs/package.bash'
[4.123s] INFO:colcon.colcon_core.shell:Creating package script '/home/adwait/workspace/flir_camera_driver/install/flir_camera_msgs/share/flir_camera_msgs/package.zsh'
[4.123s] Level 1:colcon.colcon_core.environment:create_file_with_runtime_dependencies(/home/adwait/workspace/flir_camera_driver/install/flir_camera_msgs/share/colcon-core/packages/flir_camera_msgs)
[4.124s] Level 1:colcon.colcon_core.environment:create_environment_scripts_only(flir_camera_msgs)
[4.125s] Level 1:colcon.colcon_core.environment:checking '/home/adwait/workspace/flir_camera_driver/install/flir_camera_msgs' for CMake module files
[4.125s] Level 1:colcon.colcon_core.environment:checking '/home/adwait/workspace/flir_camera_driver/install/flir_camera_msgs' for CMake config files
[4.125s] Level 1:colcon.colcon_core.shell:create_environment_hook('flir_camera_msgs', 'cmake_prefix_path')
[4.125s] INFO:colcon.colcon_core.shell:Creating environment hook '/home/adwait/workspace/flir_camera_driver/install/flir_camera_msgs/share/flir_camera_msgs/hook/cmake_prefix_path.ps1'
[4.126s] INFO:colcon.colcon_core.shell:Creating environment descriptor '/home/adwait/workspace/flir_camera_driver/install/flir_camera_msgs/share/flir_camera_msgs/hook/cmake_prefix_path.dsv'
[4.126s] INFO:colcon.colcon_core.shell:Creating environment hook '/home/adwait/workspace/flir_camera_driver/install/flir_camera_msgs/share/flir_camera_msgs/hook/cmake_prefix_path.sh'
[4.126s] Level 1:colcon.colcon_core.environment:checking '/home/adwait/workspace/flir_camera_driver/install/flir_camera_msgs/lib'
[4.126s] Level 1:colcon.colcon_core.shell:create_environment_hook('flir_camera_msgs', 'ld_library_path_lib')
[4.126s] INFO:colcon.colcon_core.shell:Creating environment hook '/home/adwait/workspace/flir_camera_driver/install/flir_camera_msgs/share/flir_camera_msgs/hook/ld_library_path_lib.ps1'
[4.127s] INFO:colcon.colcon_core.shell:Creating environment descriptor '/home/adwait/workspace/flir_camera_driver/install/flir_camera_msgs/share/flir_camera_msgs/hook/ld_library_path_lib.dsv'
[4.127s] INFO:colcon.colcon_core.shell:Creating environment hook '/home/adwait/workspace/flir_camera_driver/install/flir_camera_msgs/share/flir_camera_msgs/hook/ld_library_path_lib.sh'
[4.127s] Level 1:colcon.colcon_core.environment:checking '/home/adwait/workspace/flir_camera_driver/install/flir_camera_msgs/bin'
[4.127s] Level 1:colcon.colcon_core.environment:checking '/home/adwait/workspace/flir_camera_driver/install/flir_camera_msgs/lib/pkgconfig/flir_camera_msgs.pc'
[4.127s] Level 1:colcon.colcon_core.environment:checking '/home/adwait/workspace/flir_camera_driver/install/flir_camera_msgs/lib/python3.10/site-packages'
[4.127s] Level 1:colcon.colcon_core.environment:checking '/home/adwait/workspace/flir_camera_driver/install/flir_camera_msgs/bin'
[4.127s] INFO:colcon.colcon_core.shell:Creating package script '/home/adwait/workspace/flir_camera_driver/install/flir_camera_msgs/share/flir_camera_msgs/package.ps1'
[4.128s] INFO:colcon.colcon_core.shell:Creating package descriptor '/home/adwait/workspace/flir_camera_driver/install/flir_camera_msgs/share/flir_camera_msgs/package.dsv'
[4.128s] INFO:colcon.colcon_core.shell:Creating package script '/home/adwait/workspace/flir_camera_driver/install/flir_camera_msgs/share/flir_camera_msgs/package.sh'
[4.128s] INFO:colcon.colcon_core.shell:Creating package script '/home/adwait/workspace/flir_camera_driver/install/flir_camera_msgs/share/flir_camera_msgs/package.bash'
[4.129s] INFO:colcon.colcon_core.shell:Creating package script '/home/adwait/workspace/flir_camera_driver/install/flir_camera_msgs/share/flir_camera_msgs/package.zsh'
[4.129s] Level 1:colcon.colcon_core.environment:create_file_with_runtime_dependencies(/home/adwait/workspace/flir_camera_driver/install/flir_camera_msgs/share/colcon-core/packages/flir_camera_msgs)
[4.129s] INFO:colcon.colcon_ros.task.ament_cmake.build:Building ROS package in '/home/adwait/workspace/flir_camera_driver/spinnaker_camera_driver' with build type 'ament_cmake'
[4.129s] INFO:colcon.colcon_cmake.task.cmake.build:Building CMake package in '/home/adwait/workspace/flir_camera_driver/spinnaker_camera_driver'
[4.129s] INFO:colcon.colcon_core.shell:Skip shell extension 'powershell' for command environment: Not usable outside of PowerShell
[4.130s] DEBUG:colcon.colcon_core.shell:Skip shell extension 'dsv' for command environment
[4.416s] DEBUG:colcon.colcon_core.event_handler.log_command:Invoking command in '/home/adwait/workspace/flir_camera_driver/build/spinnaker_camera_driver': AMENT_PREFIX_PATH=/home/adwait/workspace/flir_camera_driver/install/flir_camera_msgs:${AMENT_PREFIX_PATH} CMAKE_PREFIX_PATH=/home/adwait/workspace/flir_camera_driver/install/flir_camera_msgs:/opt/ros/humble LD_LIBRARY_PATH=/home/adwait/workspace/flir_camera_driver/install/flir_camera_msgs/lib:${LD_LIBRARY_PATH} PYTHONPATH=/home/adwait/workspace/flir_camera_driver/install/flir_camera_msgs/local/lib/python3.10/dist-packages:${PYTHONPATH} /usr/local/bin/cmake /home/adwait/workspace/flir_camera_driver/spinnaker_camera_driver -DCMAKE_INSTALL_PREFIX=/home/adwait/workspace/flir_camera_driver/install/spinnaker_camera_driver
[69.919s] DEBUG:colcon.colcon_core.event_handler.log_command:Invoked command in '/home/adwait/workspace/flir_camera_driver/build/spinnaker_camera_driver' returned '0': AMENT_PREFIX_PATH=/home/adwait/workspace/flir_camera_driver/install/flir_camera_msgs:${AMENT_PREFIX_PATH} CMAKE_PREFIX_PATH=/home/adwait/workspace/flir_camera_driver/install/flir_camera_msgs:/opt/ros/humble LD_LIBRARY_PATH=/home/adwait/workspace/flir_camera_driver/install/flir_camera_msgs/lib:${LD_LIBRARY_PATH} PYTHONPATH=/home/adwait/workspace/flir_camera_driver/install/flir_camera_msgs/local/lib/python3.10/dist-packages:${PYTHONPATH} /usr/local/bin/cmake /home/adwait/workspace/flir_camera_driver/spinnaker_camera_driver -DCMAKE_INSTALL_PREFIX=/home/adwait/workspace/flir_camera_driver/install/spinnaker_camera_driver
[69.921s] DEBUG:colcon.colcon_core.event_handler.log_command:Invoking command in '/home/adwait/workspace/flir_camera_driver/build/spinnaker_camera_driver': AMENT_PREFIX_PATH=/home/adwait/workspace/flir_camera_driver/install/flir_camera_msgs:${AMENT_PREFIX_PATH} CMAKE_PREFIX_PATH=/home/adwait/workspace/flir_camera_driver/install/flir_camera_msgs:/opt/ros/humble LD_LIBRARY_PATH=/home/adwait/workspace/flir_camera_driver/install/flir_camera_msgs/lib:${LD_LIBRARY_PATH} PYTHONPATH=/home/adwait/workspace/flir_camera_driver/install/flir_camera_msgs/local/lib/python3.10/dist-packages:${PYTHONPATH} /usr/local/bin/cmake --build /home/adwait/workspace/flir_camera_driver/build/spinnaker_camera_driver -- -j20 -l20
[86.931s] DEBUG:colcon.colcon_core.event_handler.log_command:Invoked command in '/home/adwait/workspace/flir_camera_driver/build/spinnaker_camera_driver' returned '0': AMENT_PREFIX_PATH=/home/adwait/workspace/flir_camera_driver/install/flir_camera_msgs:${AMENT_PREFIX_PATH} CMAKE_PREFIX_PATH=/home/adwait/workspace/flir_camera_driver/install/flir_camera_msgs:/opt/ros/humble LD_LIBRARY_PATH=/home/adwait/workspace/flir_camera_driver/install/flir_camera_msgs/lib:${LD_LIBRARY_PATH} PYTHONPATH=/home/adwait/workspace/flir_camera_driver/install/flir_camera_msgs/local/lib/python3.10/dist-packages:${PYTHONPATH} /usr/local/bin/cmake --build /home/adwait/workspace/flir_camera_driver/build/spinnaker_camera_driver -- -j20 -l20
[86.932s] DEBUG:colcon.colcon_core.event_handler.log_command:Invoking command in '/home/adwait/workspace/flir_camera_driver/build/spinnaker_camera_driver': AMENT_PREFIX_PATH=/home/adwait/workspace/flir_camera_driver/install/flir_camera_msgs:${AMENT_PREFIX_PATH} CMAKE_PREFIX_PATH=/home/adwait/workspace/flir_camera_driver/install/flir_camera_msgs:/opt/ros/humble LD_LIBRARY_PATH=/home/adwait/workspace/flir_camera_driver/install/flir_camera_msgs/lib:${LD_LIBRARY_PATH} PYTHONPATH=/home/adwait/workspace/flir_camera_driver/install/flir_camera_msgs/local/lib/python3.10/dist-packages:${PYTHONPATH} /usr/local/bin/cmake --install /home/adwait/workspace/flir_camera_driver/build/spinnaker_camera_driver
[86.996s] Level 1:colcon.colcon_core.environment:create_environment_scripts_only(spinnaker_camera_driver)
[86.996s] Level 1:colcon.colcon_core.environment:checking '/home/adwait/workspace/flir_camera_driver/install/spinnaker_camera_driver' for CMake module files
[86.996s] DEBUG:colcon.colcon_core.event_handler.log_command:Invoked command in '/home/adwait/workspace/flir_camera_driver/build/spinnaker_camera_driver' returned '0': AMENT_PREFIX_PATH=/home/adwait/workspace/flir_camera_driver/install/flir_camera_msgs:${AMENT_PREFIX_PATH} CMAKE_PREFIX_PATH=/home/adwait/workspace/flir_camera_driver/install/flir_camera_msgs:/opt/ros/humble LD_LIBRARY_PATH=/home/adwait/workspace/flir_camera_driver/install/flir_camera_msgs/lib:${LD_LIBRARY_PATH} PYTHONPATH=/home/adwait/workspace/flir_camera_driver/install/flir_camera_msgs/local/lib/python3.10/dist-packages:${PYTHONPATH} /usr/local/bin/cmake --install /home/adwait/workspace/flir_camera_driver/build/spinnaker_camera_driver
[86.997s] Level 1:colcon.colcon_core.environment:checking '/home/adwait/workspace/flir_camera_driver/install/spinnaker_camera_driver' for CMake config files
[86.997s] Level 1:colcon.colcon_core.shell:create_environment_hook('spinnaker_camera_driver', 'cmake_prefix_path')
[86.997s] INFO:colcon.colcon_core.shell:Creating environment hook '/home/adwait/workspace/flir_camera_driver/install/spinnaker_camera_driver/share/spinnaker_camera_driver/hook/cmake_prefix_path.ps1'
[86.998s] INFO:colcon.colcon_core.shell:Creating environment descriptor '/home/adwait/workspace/flir_camera_driver/install/spinnaker_camera_driver/share/spinnaker_camera_driver/hook/cmake_prefix_path.dsv'
[86.998s] INFO:colcon.colcon_core.shell:Creating environment hook '/home/adwait/workspace/flir_camera_driver/install/spinnaker_camera_driver/share/spinnaker_camera_driver/hook/cmake_prefix_path.sh'
[86.999s] Level 1:colcon.colcon_core.environment:checking '/home/adwait/workspace/flir_camera_driver/install/spinnaker_camera_driver/lib'
[86.999s] Level 1:colcon.colcon_core.shell:create_environment_hook('spinnaker_camera_driver', 'ld_library_path_lib')
[86.999s] INFO:colcon.colcon_core.shell:Creating environment hook '/home/adwait/workspace/flir_camera_driver/install/spinnaker_camera_driver/share/spinnaker_camera_driver/hook/ld_library_path_lib.ps1'
[86.999s] INFO:colcon.colcon_core.shell:Creating environment descriptor '/home/adwait/workspace/flir_camera_driver/install/spinnaker_camera_driver/share/spinnaker_camera_driver/hook/ld_library_path_lib.dsv'
[86.999s] INFO:colcon.colcon_core.shell:Creating environment hook '/home/adwait/workspace/flir_camera_driver/install/spinnaker_camera_driver/share/spinnaker_camera_driver/hook/ld_library_path_lib.sh'
[87.000s] Level 1:colcon.colcon_core.environment:checking '/home/adwait/workspace/flir_camera_driver/install/spinnaker_camera_driver/bin'
[87.000s] Level 1:colcon.colcon_core.environment:checking '/home/adwait/workspace/flir_camera_driver/install/spinnaker_camera_driver/lib/pkgconfig/spinnaker_camera_driver.pc'
[87.000s] Level 1:colcon.colcon_core.environment:checking '/home/adwait/workspace/flir_camera_driver/install/spinnaker_camera_driver/lib/python3.10/site-packages'
[87.000s] Level 1:colcon.colcon_core.environment:checking '/home/adwait/workspace/flir_camera_driver/install/spinnaker_camera_driver/bin'
[87.000s] INFO:colcon.colcon_core.shell:Creating package script '/home/adwait/workspace/flir_camera_driver/install/spinnaker_camera_driver/share/spinnaker_camera_driver/package.ps1'
[87.001s] INFO:colcon.colcon_core.shell:Creating package descriptor '/home/adwait/workspace/flir_camera_driver/install/spinnaker_camera_driver/share/spinnaker_camera_driver/package.dsv'
[87.001s] INFO:colcon.colcon_core.shell:Creating package script '/home/adwait/workspace/flir_camera_driver/install/spinnaker_camera_driver/share/spinnaker_camera_driver/package.sh'
[87.002s] INFO:colcon.colcon_core.shell:Creating package script '/home/adwait/workspace/flir_camera_driver/install/spinnaker_camera_driver/share/spinnaker_camera_driver/package.bash'
[87.002s] INFO:colcon.colcon_core.shell:Creating package script '/home/adwait/workspace/flir_camera_driver/install/spinnaker_camera_driver/share/spinnaker_camera_driver/package.zsh'
[87.003s] Level 1:colcon.colcon_core.environment:create_file_with_runtime_dependencies(/home/adwait/workspace/flir_camera_driver/install/spinnaker_camera_driver/share/colcon-core/packages/spinnaker_camera_driver)
[87.003s] Level 1:colcon.colcon_core.environment:create_environment_scripts_only(spinnaker_camera_driver)
[87.004s] Level 1:colcon.colcon_core.environment:checking '/home/adwait/workspace/flir_camera_driver/install/spinnaker_camera_driver' for CMake module files
[87.004s] Level 1:colcon.colcon_core.environment:checking '/home/adwait/workspace/flir_camera_driver/install/spinnaker_camera_driver' for CMake config files
[87.004s] Level 1:colcon.colcon_core.shell:create_environment_hook('spinnaker_camera_driver', 'cmake_prefix_path')
[87.004s] INFO:colcon.colcon_core.shell:Creating environment hook '/home/adwait/workspace/flir_camera_driver/install/spinnaker_camera_driver/share/spinnaker_camera_driver/hook/cmake_prefix_path.ps1'
[87.004s] INFO:colcon.colcon_core.shell:Creating environment descriptor '/home/adwait/workspace/flir_camera_driver/install/spinnaker_camera_driver/share/spinnaker_camera_driver/hook/cmake_prefix_path.dsv'
[87.005s] INFO:colcon.colcon_core.shell:Creating environment hook '/home/adwait/workspace/flir_camera_driver/install/spinnaker_camera_driver/share/spinnaker_camera_driver/hook/cmake_prefix_path.sh'
[87.005s] Level 1:colcon.colcon_core.environment:checking '/home/adwait/workspace/flir_camera_driver/install/spinnaker_camera_driver/lib'
[87.005s] Level 1:colcon.colcon_core.shell:create_environment_hook('spinnaker_camera_driver', 'ld_library_path_lib')
[87.005s] INFO:colcon.colcon_core.shell:Creating environment hook '/home/adwait/workspace/flir_camera_driver/install/spinnaker_camera_driver/share/spinnaker_camera_driver/hook/ld_library_path_lib.ps1'
[87.005s] INFO:colcon.colcon_core.shell:Creating environment descriptor '/home/adwait/workspace/flir_camera_driver/install/spinnaker_camera_driver/share/spinnaker_camera_driver/hook/ld_library_path_lib.dsv'
[87.006s] INFO:colcon.colcon_core.shell:Creating environment hook '/home/adwait/workspace/flir_camera_driver/install/spinnaker_camera_driver/share/spinnaker_camera_driver/hook/ld_library_path_lib.sh'
[87.006s] Level 1:colcon.colcon_core.environment:checking '/home/adwait/workspace/flir_camera_driver/install/spinnaker_camera_driver/bin'
[87.006s] Level 1:colcon.colcon_core.environment:checking '/home/adwait/workspace/flir_camera_driver/install/spinnaker_camera_driver/lib/pkgconfig/spinnaker_camera_driver.pc'
[87.006s] Level 1:colcon.colcon_core.environment:checking '/home/adwait/workspace/flir_camera_driver/install/spinnaker_camera_driver/lib/python3.10/site-packages'
[87.006s] Level 1:colcon.colcon_core.environment:checking '/home/adwait/workspace/flir_camera_driver/install/spinnaker_camera_driver/bin'
[87.006s] INFO:colcon.colcon_core.shell:Creating package script '/home/adwait/workspace/flir_camera_driver/install/spinnaker_camera_driver/share/spinnaker_camera_driver/package.ps1'
[87.007s] INFO:colcon.colcon_core.shell:Creating package descriptor '/home/adwait/workspace/flir_camera_driver/install/spinnaker_camera_driver/share/spinnaker_camera_driver/package.dsv'
[87.007s] INFO:colcon.colcon_core.shell:Creating package script '/home/adwait/workspace/flir_camera_driver/install/spinnaker_camera_driver/share/spinnaker_camera_driver/package.sh'
[87.007s] INFO:colcon.colcon_core.shell:Creating package script '/home/adwait/workspace/flir_camera_driver/install/spinnaker_camera_driver/share/spinnaker_camera_driver/package.bash'
[87.008s] INFO:colcon.colcon_core.shell:Creating package script '/home/adwait/workspace/flir_camera_driver/install/spinnaker_camera_driver/share/spinnaker_camera_driver/package.zsh'
[87.008s] Level 1:colcon.colcon_core.environment:create_file_with_runtime_dependencies(/home/adwait/workspace/flir_camera_driver/install/spinnaker_camera_driver/share/colcon-core/packages/spinnaker_camera_driver)
[87.008s] INFO:colcon.colcon_ros.task.ament_cmake.build:Building ROS package in '/home/adwait/workspace/flir_camera_driver/spinnaker_synchronized_camera_driver' with build type 'ament_cmake'
[87.008s] INFO:colcon.colcon_cmake.task.cmake.build:Building CMake package in '/home/adwait/workspace/flir_camera_driver/spinnaker_synchronized_camera_driver'
[87.008s] INFO:colcon.colcon_core.shell:Skip shell extension 'powershell' for command environment: Not usable outside of PowerShell
[87.009s] DEBUG:colcon.colcon_core.shell:Skip shell extension 'dsv' for command environment
[87.177s] DEBUG:colcon.colcon_core.event_handler.log_command:Invoking command in '/home/adwait/workspace/flir_camera_driver/build/spinnaker_synchronized_camera_driver': AMENT_PREFIX_PATH=/home/adwait/workspace/flir_camera_driver/install/spinnaker_camera_driver:/home/adwait/workspace/flir_camera_driver/install/flir_camera_msgs:${AMENT_PREFIX_PATH} CMAKE_PREFIX_PATH=/home/adwait/workspace/flir_camera_driver/install/spinnaker_camera_driver:/home/adwait/workspace/flir_camera_driver/install/flir_camera_msgs:/opt/ros/humble LD_LIBRARY_PATH=/home/adwait/workspace/flir_camera_driver/install/spinnaker_camera_driver/lib:/home/adwait/workspace/flir_camera_driver/install/flir_camera_msgs/lib:${LD_LIBRARY_PATH} PYTHONPATH=/home/adwait/workspace/flir_camera_driver/install/flir_camera_msgs/local/lib/python3.10/dist-packages:${PYTHONPATH} /usr/local/bin/cmake /home/adwait/workspace/flir_camera_driver/spinnaker_synchronized_camera_driver -DCMAKE_INSTALL_PREFIX=/home/adwait/workspace/flir_camera_driver/install/spinnaker_synchronized_camera_driver
[96.730s] DEBUG:colcon.colcon_core.event_handler.log_command:Invoked command in '/home/adwait/workspace/flir_camera_driver/build/spinnaker_synchronized_camera_driver' returned '0': AMENT_PREFIX_PATH=/home/adwait/workspace/flir_camera_driver/install/spinnaker_camera_driver:/home/adwait/workspace/flir_camera_driver/install/flir_camera_msgs:${AMENT_PREFIX_PATH} CMAKE_PREFIX_PATH=/home/adwait/workspace/flir_camera_driver/install/spinnaker_camera_driver:/home/adwait/workspace/flir_camera_driver/install/flir_camera_msgs:/opt/ros/humble LD_LIBRARY_PATH=/home/adwait/workspace/flir_camera_driver/install/spinnaker_camera_driver/lib:/home/adwait/workspace/flir_camera_driver/install/flir_camera_msgs/lib:${LD_LIBRARY_PATH} PYTHONPATH=/home/adwait/workspace/flir_camera_driver/install/flir_camera_msgs/local/lib/python3.10/dist-packages:${PYTHONPATH} /usr/local/bin/cmake /home/adwait/workspace/flir_camera_driver/spinnaker_synchronized_camera_driver -DCMAKE_INSTALL_PREFIX=/home/adwait/workspace/flir_camera_driver/install/spinnaker_synchronized_camera_driver
[96.731s] DEBUG:colcon.colcon_core.event_handler.log_command:Invoking command in '/home/adwait/workspace/flir_camera_driver/build/spinnaker_synchronized_camera_driver': AMENT_PREFIX_PATH=/home/adwait/workspace/flir_camera_driver/install/spinnaker_camera_driver:/home/adwait/workspace/flir_camera_driver/install/flir_camera_msgs:${AMENT_PREFIX_PATH} CMAKE_PREFIX_PATH=/home/adwait/workspace/flir_camera_driver/install/spinnaker_camera_driver:/home/adwait/workspace/flir_camera_driver/install/flir_camera_msgs:/opt/ros/humble LD_LIBRARY_PATH=/home/adwait/workspace/flir_camera_driver/install/spinnaker_camera_driver/lib:/home/adwait/workspace/flir_camera_driver/install/flir_camera_msgs/lib:${LD_LIBRARY_PATH} PYTHONPATH=/home/adwait/workspace/flir_camera_driver/install/flir_camera_msgs/local/lib/python3.10/dist-packages:${PYTHONPATH} /usr/local/bin/cmake --build /home/adwait/workspace/flir_camera_driver/build/spinnaker_synchronized_camera_driver -- -j20 -l20
[104.594s] DEBUG:colcon.colcon_core.event_handler.log_command:Invoked command in '/home/adwait/workspace/flir_camera_driver/build/spinnaker_synchronized_camera_driver' returned '0': AMENT_PREFIX_PATH=/home/adwait/workspace/flir_camera_driver/install/spinnaker_camera_driver:/home/adwait/workspace/flir_camera_driver/install/flir_camera_msgs:${AMENT_PREFIX_PATH} CMAKE_PREFIX_PATH=/home/adwait/workspace/flir_camera_driver/install/spinnaker_camera_driver:/home/adwait/workspace/flir_camera_driver/install/flir_camera_msgs:/opt/ros/humble LD_LIBRARY_PATH=/home/adwait/workspace/flir_camera_driver/install/spinnaker_camera_driver/lib:/home/adwait/workspace/flir_camera_driver/install/flir_camera_msgs/lib:${LD_LIBRARY_PATH} PYTHONPATH=/home/adwait/workspace/flir_camera_driver/install/flir_camera_msgs/local/lib/python3.10/dist-packages:${PYTHONPATH} /usr/local/bin/cmake --build /home/adwait/workspace/flir_camera_driver/build/spinnaker_synchronized_camera_driver -- -j20 -l20
[104.595s] DEBUG:colcon.colcon_core.event_handler.log_command:Invoking command in '/home/adwait/workspace/flir_camera_driver/build/spinnaker_synchronized_camera_driver': AMENT_PREFIX_PATH=/home/adwait/workspace/flir_camera_driver/install/spinnaker_camera_driver:/home/adwait/workspace/flir_camera_driver/install/flir_camera_msgs:${AMENT_PREFIX_PATH} CMAKE_PREFIX_PATH=/home/adwait/workspace/flir_camera_driver/install/spinnaker_camera_driver:/home/adwait/workspace/flir_camera_driver/install/flir_camera_msgs:/opt/ros/humble LD_LIBRARY_PATH=/home/adwait/workspace/flir_camera_driver/install/spinnaker_camera_driver/lib:/home/adwait/workspace/flir_camera_driver/install/flir_camera_msgs/lib:${LD_LIBRARY_PATH} PYTHONPATH=/home/adwait/workspace/flir_camera_driver/install/flir_camera_msgs/local/lib/python3.10/dist-packages:${PYTHONPATH} /usr/local/bin/cmake --install /home/adwait/workspace/flir_camera_driver/build/spinnaker_synchronized_camera_driver
[104.606s] Level 1:colcon.colcon_core.environment:create_environment_scripts_only(spinnaker_synchronized_camera_driver)
[104.606s] DEBUG:colcon.colcon_core.event_handler.log_command:Invoked command in '/home/adwait/workspace/flir_camera_driver/build/spinnaker_synchronized_camera_driver' returned '0': AMENT_PREFIX_PATH=/home/adwait/workspace/flir_camera_driver/install/spinnaker_camera_driver:/home/adwait/workspace/flir_camera_driver/install/flir_camera_msgs:${AMENT_PREFIX_PATH} CMAKE_PREFIX_PATH=/home/adwait/workspace/flir_camera_driver/install/spinnaker_camera_driver:/home/adwait/workspace/flir_camera_driver/install/flir_camera_msgs:/opt/ros/humble LD_LIBRARY_PATH=/home/adwait/workspace/flir_camera_driver/install/spinnaker_camera_driver/lib:/home/adwait/workspace/flir_camera_driver/install/flir_camera_msgs/lib:${LD_LIBRARY_PATH} PYTHONPATH=/home/adwait/workspace/flir_camera_driver/install/flir_camera_msgs/local/lib/python3.10/dist-packages:${PYTHONPATH} /usr/local/bin/cmake --install /home/adwait/workspace/flir_camera_driver/build/spinnaker_synchronized_camera_driver
[104.606s] Level 1:colcon.colcon_core.environment:checking '/home/adwait/workspace/flir_camera_driver/install/spinnaker_synchronized_camera_driver' for CMake module files
[104.607s] Level 1:colcon.colcon_core.environment:checking '/home/adwait/workspace/flir_camera_driver/install/spinnaker_synchronized_camera_driver' for CMake config files
[104.607s] Level 1:colcon.colcon_core.shell:create_environment_hook('spinnaker_synchronized_camera_driver', 'cmake_prefix_path')
[104.607s] INFO:colcon.colcon_core.shell:Creating environment hook '/home/adwait/workspace/flir_camera_driver/install/spinnaker_synchronized_camera_driver/share/spinnaker_synchronized_camera_driver/hook/cmake_prefix_path.ps1'
[104.607s] INFO:colcon.colcon_core.shell:Creating environment descriptor '/home/adwait/workspace/flir_camera_driver/install/spinnaker_synchronized_camera_driver/share/spinnaker_synchronized_camera_driver/hook/cmake_prefix_path.dsv'
[104.607s] INFO:colcon.colcon_core.shell:Creating environment hook '/home/adwait/workspace/flir_camera_driver/install/spinnaker_synchronized_camera_driver/share/spinnaker_synchronized_camera_driver/hook/cmake_prefix_path.sh'
[104.608s] Level 1:colcon.colcon_core.environment:checking '/home/adwait/workspace/flir_camera_driver/install/spinnaker_synchronized_camera_driver/lib'
[104.608s] Level 1:colcon.colcon_core.shell:create_environment_hook('spinnaker_synchronized_camera_driver', 'ld_library_path_lib')
[104.608s] INFO:colcon.colcon_core.shell:Creating environment hook '/home/adwait/workspace/flir_camera_driver/install/spinnaker_synchronized_camera_driver/share/spinnaker_synchronized_camera_driver/hook/ld_library_path_lib.ps1'
[104.608s] INFO:colcon.colcon_core.shell:Creating environment descriptor '/home/adwait/workspace/flir_camera_driver/install/spinnaker_synchronized_camera_driver/share/spinnaker_synchronized_camera_driver/hook/ld_library_path_lib.dsv'
[104.608s] INFO:colcon.colcon_core.shell:Creating environment hook '/home/adwait/workspace/flir_camera_driver/install/spinnaker_synchronized_camera_driver/share/spinnaker_synchronized_camera_driver/hook/ld_library_path_lib.sh'
[104.608s] Level 1:colcon.colcon_core.environment:checking '/home/adwait/workspace/flir_camera_driver/install/spinnaker_synchronized_camera_driver/bin'
[104.608s] Level 1:colcon.colcon_core.environment:checking '/home/adwait/workspace/flir_camera_driver/install/spinnaker_synchronized_camera_driver/lib/pkgconfig/spinnaker_synchronized_camera_driver.pc'
[104.609s] Level 1:colcon.colcon_core.environment:checking '/home/adwait/workspace/flir_camera_driver/install/spinnaker_synchronized_camera_driver/lib/python3.10/site-packages'
[104.609s] Level 1:colcon.colcon_core.environment:checking '/home/adwait/workspace/flir_camera_driver/install/spinnaker_synchronized_camera_driver/bin'
[104.609s] INFO:colcon.colcon_core.shell:Creating package script '/home/adwait/workspace/flir_camera_driver/install/spinnaker_synchronized_camera_driver/share/spinnaker_synchronized_camera_driver/package.ps1'
[104.609s] INFO:colcon.colcon_core.shell:Creating package descriptor '/home/adwait/workspace/flir_camera_driver/install/spinnaker_synchronized_camera_driver/share/spinnaker_synchronized_camera_driver/package.dsv'
[104.609s] INFO:colcon.colcon_core.shell:Creating package script '/home/adwait/workspace/flir_camera_driver/install/spinnaker_synchronized_camera_driver/share/spinnaker_synchronized_camera_driver/package.sh'
[104.610s] INFO:colcon.colcon_core.shell:Creating package script '/home/adwait/workspace/flir_camera_driver/install/spinnaker_synchronized_camera_driver/share/spinnaker_synchronized_camera_driver/package.bash'
[104.610s] INFO:colcon.colcon_core.shell:Creating package script '/home/adwait/workspace/flir_camera_driver/install/spinnaker_synchronized_camera_driver/share/spinnaker_synchronized_camera_driver/package.zsh'
[104.610s] Level 1:colcon.colcon_core.environment:create_file_with_runtime_dependencies(/home/adwait/workspace/flir_camera_driver/install/spinnaker_synchronized_camera_driver/share/colcon-core/packages/spinnaker_synchronized_camera_driver)
[104.610s] Level 1:colcon.colcon_core.environment:create_environment_scripts_only(spinnaker_synchronized_camera_driver)
[104.611s] Level 1:colcon.colcon_core.environment:checking '/home/adwait/workspace/flir_camera_driver/install/spinnaker_synchronized_camera_driver' for CMake module files
[104.611s] Level 1:colcon.colcon_core.environment:checking '/home/adwait/workspace/flir_camera_driver/install/spinnaker_synchronized_camera_driver' for CMake config files
[104.611s] Level 1:colcon.colcon_core.shell:create_environment_hook('spinnaker_synchronized_camera_driver', 'cmake_prefix_path')
[104.611s] INFO:colcon.colcon_core.shell:Creating environment hook '/home/adwait/workspace/flir_camera_driver/install/spinnaker_synchronized_camera_driver/share/spinnaker_synchronized_camera_driver/hook/cmake_prefix_path.ps1'
[104.611s] INFO:colcon.colcon_core.shell:Creating environment descriptor '/home/adwait/workspace/flir_camera_driver/install/spinnaker_synchronized_camera_driver/share/spinnaker_synchronized_camera_driver/hook/cmake_prefix_path.dsv'
[104.611s] INFO:colcon.colcon_core.shell:Creating environment hook '/home/adwait/workspace/flir_camera_driver/install/spinnaker_synchronized_camera_driver/share/spinnaker_synchronized_camera_driver/hook/cmake_prefix_path.sh'
[104.612s] Level 1:colcon.colcon_core.environment:checking '/home/adwait/workspace/flir_camera_driver/install/spinnaker_synchronized_camera_driver/lib'
[104.612s] Level 1:colcon.colcon_core.shell:create_environment_hook('spinnaker_synchronized_camera_driver', 'ld_library_path_lib')
[104.612s] INFO:colcon.colcon_core.shell:Creating environment hook '/home/adwait/workspace/flir_camera_driver/install/spinnaker_synchronized_camera_driver/share/spinnaker_synchronized_camera_driver/hook/ld_library_path_lib.ps1'
[104.612s] INFO:colcon.colcon_core.shell:Creating environment descriptor '/home/adwait/workspace/flir_camera_driver/install/spinnaker_synchronized_camera_driver/share/spinnaker_synchronized_camera_driver/hook/ld_library_path_lib.dsv'
[104.612s] INFO:colcon.colcon_core.shell:Creating environment hook '/home/adwait/workspace/flir_camera_driver/install/spinnaker_synchronized_camera_driver/share/spinnaker_synchronized_camera_driver/hook/ld_library_path_lib.sh'
[104.613s] Level 1:colcon.colcon_core.environment:checking '/home/adwait/workspace/flir_camera_driver/install/spinnaker_synchronized_camera_driver/bin'
[104.613s] Level 1:colcon.colcon_core.environment:checking '/home/adwait/workspace/flir_camera_driver/install/spinnaker_synchronized_camera_driver/lib/pkgconfig/spinnaker_synchronized_camera_driver.pc'
[104.613s] Level 1:colcon.colcon_core.environment:checking '/home/adwait/workspace/flir_camera_driver/install/spinnaker_synchronized_camera_driver/lib/python3.10/site-packages'
[104.613s] Level 1:colcon.colcon_core.environment:checking '/home/adwait/workspace/flir_camera_driver/install/spinnaker_synchronized_camera_driver/bin'
[104.613s] INFO:colcon.colcon_core.shell:Creating package script '/home/adwait/workspace/flir_camera_driver/install/spinnaker_synchronized_camera_driver/share/spinnaker_synchronized_camera_driver/package.ps1'
[104.613s] INFO:colcon.colcon_core.shell:Creating package descriptor '/home/adwait/workspace/flir_camera_driver/install/spinnaker_synchronized_camera_driver/share/spinnaker_synchronized_camera_driver/package.dsv'
[104.614s] INFO:colcon.colcon_core.shell:Creating package script '/home/adwait/workspace/flir_camera_driver/install/spinnaker_synchronized_camera_driver/share/spinnaker_synchronized_camera_driver/package.sh'
[104.614s] INFO:colcon.colcon_core.shell:Creating package script '/home/adwait/workspace/flir_camera_driver/install/spinnaker_synchronized_camera_driver/share/spinnaker_synchronized_camera_driver/package.bash'
[104.614s] INFO:colcon.colcon_core.shell:Creating package script '/home/adwait/workspace/flir_camera_driver/install/spinnaker_synchronized_camera_driver/share/spinnaker_synchronized_camera_driver/package.zsh'
[104.614s] Level 1:colcon.colcon_core.environment:create_file_with_runtime_dependencies(/home/adwait/workspace/flir_camera_driver/install/spinnaker_synchronized_camera_driver/share/colcon-core/packages/spinnaker_synchronized_camera_driver)
[104.614s] DEBUG:colcon.colcon_parallel_executor.executor.parallel:closing loop
[104.615s] DEBUG:colcon.colcon_parallel_executor.executor.parallel:loop closed
[104.615s] DEBUG:colcon.colcon_parallel_executor.executor.parallel:run_until_complete finished with '0'
[104.615s] DEBUG:colcon.colcon_core.event_reactor:joining thread
[104.850s] INFO:colcon.colcon_core.plugin_system:Skipping extension 'colcon_notification.desktop_notification.notify_send': Could not find 'notify-send'
[104.850s] INFO:colcon.colcon_core.plugin_system:Skipping extension 'colcon_notification.desktop_notification.terminal_notifier': Not used on non-Darwin systems
[104.850s] INFO:colcon.colcon_core.plugin_system:Skipping extension 'colcon_notification.desktop_notification.win32': Not used on non-Windows systems
[104.850s] INFO:colcon.colcon_notification.desktop_notification:Sending desktop notification using 'notify2'
[104.850s] DEBUG:colcon.colcon_notification.desktop_notification.notify2:Failed to initialize notify2: org.freedesktop.DBus.Error.FileNotFound: Failed to connect to socket /run/user/1000/bus: No such file or directory
[104.850s] DEBUG:colcon.colcon_core.event_reactor:joined thread
[104.850s] INFO:colcon.colcon_core.shell:Creating prefix script '/home/adwait/workspace/flir_camera_driver/install/local_setup.ps1'
[104.853s] INFO:colcon.colcon_core.shell:Creating prefix util module '/home/adwait/workspace/flir_camera_driver/install/_local_setup_util_ps1.py'
[104.854s] INFO:colcon.colcon_core.shell:Creating prefix chain script '/home/adwait/workspace/flir_camera_driver/install/setup.ps1'
[104.856s] INFO:colcon.colcon_core.shell:Creating prefix script '/home/adwait/workspace/flir_camera_driver/install/local_setup.sh'
[104.857s] INFO:colcon.colcon_core.shell:Creating prefix util module '/home/adwait/workspace/flir_camera_driver/install/_local_setup_util_sh.py'
[104.858s] INFO:colcon.colcon_core.shell:Creating prefix chain script '/home/adwait/workspace/flir_camera_driver/install/setup.sh'
[104.860s] INFO:colcon.colcon_core.shell:Creating prefix script '/home/adwait/workspace/flir_camera_driver/install/local_setup.bash'
[104.861s] INFO:colcon.colcon_core.shell:Creating prefix chain script '/home/adwait/workspace/flir_camera_driver/install/setup.bash'
[104.862s] INFO:colcon.colcon_core.shell:Creating prefix script '/home/adwait/workspace/flir_camera_driver/install/local_setup.zsh'
[104.863s] INFO:colcon.colcon_core.shell:Creating prefix chain script '/home/adwait/workspace/flir_camera_driver/install/setup.zsh'
