-- The C compiler identification is GNU 11.4.0
-- The CXX compiler identification is GNU 11.4.0
-- Detecting C compiler ABI info
-- Detecting C compiler ABI info - done
-- Check for working C compiler: /usr/bin/cc - skipped
-- Detecting C compile features
-- Detecting C compile features - done
-- Detecting CXX compiler ABI info
-- Detecting CXX compiler ABI info - done
-- Check for working CXX compiler: /usr/bin/c++ - skipped
-- Detecting CXX compile features
-- Detecting CXX compile features - done
-- Found rclcpp: 16.0.12 (/opt/ros/humble/share/rclcpp/cmake)
-- Found Python3: /usr/bin/python3 (found version "3.10.12") found components: Interpreter 
-- Found rosidl_generator_c: 3.1.6 (/opt/ros/humble/share/rosidl_generator_c/cmake)
-- Found rosidl_adapter: 3.1.6 (/opt/ros/humble/share/rosidl_adapter/cmake)
-- Found rosidl_generator_cpp: 3.1.6 (/opt/ros/humble/share/rosidl_generator_cpp/cmake)
-- Using all available rosidl_typesupport_c: rosidl_typesupport_fastrtps_c;rosidl_typesupport_introspection_c
-- Using all available rosidl_typesupport_cpp: rosidl_typesupport_fastrtps_cpp;rosidl_typesupport_introspection_cpp
-- Found rmw_implementation_cmake: 6.1.2 (/opt/ros/humble/share/rmw_implementation_cmake/cmake)
-- Found rmw_fastrtps_cpp: 6.2.7 (/opt/ros/humble/share/rmw_fastrtps_cpp/cmake)
-- Found OpenSSL: /usr/lib/x86_64-linux-gnu/libcrypto.so (found version "3.0.2")  
-- Found FastRTPS: /opt/ros/humble/include  
-- Using RMW implementation 'rmw_fastrtps_cpp' as default
-- Performing Test CMAKE_HAVE_LIBC_PTHREAD
-- Performing Test CMAKE_HAVE_LIBC_PTHREAD - Success
-- Found Threads: TRUE  
-- Found rclcpp_components: 16.0.12 (/opt/ros/humble/share/rclcpp_components/cmake)
-- Found camera_info_manager: 3.1.11 (/opt/ros/humble/share/camera_info_manager/cmake)
-- Found image_transport: 3.1.11 (/opt/ros/humble/share/image_transport/cmake)
-- Found flir_camera_msgs: 2.0.8 (/home/adwait/workspace/flir_camera_driver/install/flir_camera_msgs/share/flir_camera_msgs/cmake)
-- Found ament_cmake_ros: 0.10.0 (/opt/ros/humble/share/ament_cmake_ros/cmake)
-- 
 Properties for TARGET spinnaker_camera_driver::camera_driver:
   spinnaker_camera_driver::camera_driver.INTERFACE_INCLUDE_DIRECTORIES = "/home/adwait/workspace/flir_camera_driver/install/spinnaker_camera_driver/include;/home/adwait/workspace/flir_camera_driver/install/spinnaker_camera_driver/include"

-- Found ament_cmake_copyright: 0.12.12 (/opt/ros/humble/share/ament_cmake_copyright/cmake)
-- Found ament_cmake_cppcheck: 0.12.12 (/opt/ros/humble/share/ament_cmake_cppcheck/cmake)
-- Found ament_cmake_cpplint: 0.12.12 (/opt/ros/humble/share/ament_cmake_cpplint/cmake)
-- Found ament_cmake_flake8: 0.12.12 (/opt/ros/humble/share/ament_cmake_flake8/cmake)
-- Found ament_cmake_lint_cmake: 0.12.12 (/opt/ros/humble/share/ament_cmake_lint_cmake/cmake)
-- Found ament_cmake_pep257: 0.12.12 (/opt/ros/humble/share/ament_cmake_pep257/cmake)
-- Found ament_cmake_clang_format: 0.12.12 (/opt/ros/humble/share/ament_cmake_clang_format/cmake)
-- Found ament_cmake_xmllint: 0.12.12 (/opt/ros/humble/share/ament_cmake_xmllint/cmake)
-- Configuring done
-- Generating done
-- Build files have been written to: /home/adwait/workspace/flir_camera_driver/build/spinnaker_synchronized_camera_driver
[ 11%] [32mBuilding CXX object CMakeFiles/synchronized_camera_driver.dir/src/synchronized_camera_driver.cpp.o[0m
[ 22%] [32mBuilding CXX object CMakeFiles/synchronized_camera_driver.dir/src/time_estimator.cpp.o[0m
[ 33%] [32mBuilding CXX object CMakeFiles/synchronized_camera_driver.dir/src/time_keeper.cpp.o[0m
[ 44%] [32mBuilding CXX object CMakeFiles/synchronized_camera_driver.dir/src/exposure_controller_factory.cpp.o[0m
[ 55%] [32mBuilding CXX object CMakeFiles/synchronized_camera_driver.dir/src/master_exposure_controller.cpp.o[0m
[ 66%] [32mBuilding CXX object CMakeFiles/synchronized_camera_driver.dir/src/follower_exposure_controller.cpp.o[0m
[ 77%] [32m[1mLinking CXX shared library libsynchronized_camera_driver.so[0m
[ 77%] Built target synchronized_camera_driver
[ 88%] [32mBuilding CXX object CMakeFiles/synchronized_camera_driver_node.dir/src/synchronized_camera_driver_node.cpp.o[0m
[100%] [32m[1mLinking CXX executable synchronized_camera_driver_node[0m
[100%] Built target synchronized_camera_driver_node
-- Install configuration: "RelWithDebInfo"
-- Installing: /home/adwait/workspace/flir_camera_driver/install/spinnaker_synchronized_camera_driver/lib/spinnaker_synchronized_camera_driver/synchronized_camera_driver_node
-- Set runtime path of "/home/adwait/workspace/flir_camera_driver/install/spinnaker_synchronized_camera_driver/lib/spinnaker_synchronized_camera_driver/synchronized_camera_driver_node" to ""
-- Installing: /home/adwait/workspace/flir_camera_driver/install/spinnaker_synchronized_camera_driver/lib/libsynchronized_camera_driver.so
-- Set runtime path of "/home/adwait/workspace/flir_camera_driver/install/spinnaker_synchronized_camera_driver/lib/libsynchronized_camera_driver.so" to ""
-- Installing: /home/adwait/workspace/flir_camera_driver/install/spinnaker_synchronized_camera_driver/share/spinnaker_synchronized_camera_driver//launch
-- Installing: /home/adwait/workspace/flir_camera_driver/install/spinnaker_synchronized_camera_driver/share/spinnaker_synchronized_camera_driver//launch/primary_secondary.launch.py
-- Installing: /home/adwait/workspace/flir_camera_driver/install/spinnaker_synchronized_camera_driver/share/spinnaker_synchronized_camera_driver//launch/master_example.launch.py
-- Installing: /home/adwait/workspace/flir_camera_driver/install/spinnaker_synchronized_camera_driver/share/spinnaker_synchronized_camera_driver//launch/follower_example.launch.py
-- Installing: /home/adwait/workspace/flir_camera_driver/install/spinnaker_synchronized_camera_driver/share/ament_index/resource_index/package_run_dependencies/spinnaker_synchronized_camera_driver
-- Installing: /home/adwait/workspace/flir_camera_driver/install/spinnaker_synchronized_camera_driver/share/ament_index/resource_index/parent_prefix_path/spinnaker_synchronized_camera_driver
-- Installing: /home/adwait/workspace/flir_camera_driver/install/spinnaker_synchronized_camera_driver/share/spinnaker_synchronized_camera_driver/environment/ament_prefix_path.sh
-- Installing: /home/adwait/workspace/flir_camera_driver/install/spinnaker_synchronized_camera_driver/share/spinnaker_synchronized_camera_driver/environment/ament_prefix_path.dsv
-- Installing: /home/adwait/workspace/flir_camera_driver/install/spinnaker_synchronized_camera_driver/share/spinnaker_synchronized_camera_driver/environment/path.sh
-- Installing: /home/adwait/workspace/flir_camera_driver/install/spinnaker_synchronized_camera_driver/share/spinnaker_synchronized_camera_driver/environment/path.dsv
-- Installing: /home/adwait/workspace/flir_camera_driver/install/spinnaker_synchronized_camera_driver/share/spinnaker_synchronized_camera_driver/local_setup.bash
-- Installing: /home/adwait/workspace/flir_camera_driver/install/spinnaker_synchronized_camera_driver/share/spinnaker_synchronized_camera_driver/local_setup.sh
-- Installing: /home/adwait/workspace/flir_camera_driver/install/spinnaker_synchronized_camera_driver/share/spinnaker_synchronized_camera_driver/local_setup.zsh
-- Installing: /home/adwait/workspace/flir_camera_driver/install/spinnaker_synchronized_camera_driver/share/spinnaker_synchronized_camera_driver/local_setup.dsv
-- Installing: /home/adwait/workspace/flir_camera_driver/install/spinnaker_synchronized_camera_driver/share/spinnaker_synchronized_camera_driver/package.dsv
-- Installing: /home/adwait/workspace/flir_camera_driver/install/spinnaker_synchronized_camera_driver/share/ament_index/resource_index/packages/spinnaker_synchronized_camera_driver
-- Installing: /home/adwait/workspace/flir_camera_driver/install/spinnaker_synchronized_camera_driver/share/ament_index/resource_index/rclcpp_components/spinnaker_synchronized_camera_driver
-- Installing: /home/adwait/workspace/flir_camera_driver/install/spinnaker_synchronized_camera_driver/share/spinnaker_synchronized_camera_driver/cmake/spinnaker_synchronized_camera_driverConfig.cmake
-- Installing: /home/adwait/workspace/flir_camera_driver/install/spinnaker_synchronized_camera_driver/share/spinnaker_synchronized_camera_driver/cmake/spinnaker_synchronized_camera_driverConfig-version.cmake
-- Installing: /home/adwait/workspace/flir_camera_driver/install/spinnaker_synchronized_camera_driver/share/spinnaker_synchronized_camera_driver/package.xml
