[0.168s] Invoking command in '/home/adwait/workspace/flir_camera_driver/build/spinnaker_synchronized_camera_driver': AMENT_PREFIX_PATH=/home/adwait/workspace/flir_camera_driver/install/spinnaker_camera_driver:/home/adwait/workspace/flir_camera_driver/install/flir_camera_msgs:${AMENT_PREFIX_PATH} CMAKE_PREFIX_PATH=/home/adwait/workspace/flir_camera_driver/install/spinnaker_camera_driver:/home/adwait/workspace/flir_camera_driver/install/flir_camera_msgs:/opt/ros/humble LD_LIBRARY_PATH=/home/adwait/workspace/flir_camera_driver/install/spinnaker_camera_driver/lib:/home/adwait/workspace/flir_camera_driver/install/flir_camera_msgs/lib:${LD_LIBRARY_PATH} PYTHONPATH=/home/adwait/workspace/flir_camera_driver/install/flir_camera_msgs/local/lib/python3.10/dist-packages:${PYTHONPATH} /usr/local/bin/cmake /home/adwait/workspace/flir_camera_driver/spinnaker_synchronized_camera_driver -DCMAKE_INSTALL_PREFIX=/home/adwait/workspace/flir_camera_driver/install/spinnaker_synchronized_camera_driver
[0.238s] -- The C compiler identification is GNU 11.4.0
[0.668s] -- The CXX compiler identification is GNU 11.4.0
[2.126s] -- Detecting C compiler ABI info
[2.481s] -- Detecting C compiler ABI info - done
[2.485s] -- Check for working C compiler: /usr/bin/cc - skipped
[2.487s] -- Detecting C compile features
[2.488s] -- Detecting C compile features - done
[2.493s] -- Detecting CXX compiler ABI info
[2.775s] -- Detecting CXX compiler ABI info - done
[2.781s] -- Check for working CXX compiler: /usr/bin/c++ - skipped
[2.781s] -- Detecting CXX compile features
[2.781s] -- Detecting CXX compile features - done
[2.785s] -- Found rclcpp: 16.0.12 (/opt/ros/humble/share/rclcpp/cmake)
[2.855s] -- Found Python3: /usr/bin/python3 (found version "3.10.12") found components: Interpreter 
[3.113s] -- Found rosidl_generator_c: 3.1.6 (/opt/ros/humble/share/rosidl_generator_c/cmake)
[3.115s] -- Found rosidl_adapter: 3.1.6 (/opt/ros/humble/share/rosidl_adapter/cmake)
[3.120s] -- Found rosidl_generator_cpp: 3.1.6 (/opt/ros/humble/share/rosidl_generator_cpp/cmake)
[3.128s] -- Using all available rosidl_typesupport_c: rosidl_typesupport_fastrtps_c;rosidl_typesupport_introspection_c
[3.138s] -- Using all available rosidl_typesupport_cpp: rosidl_typesupport_fastrtps_cpp;rosidl_typesupport_introspection_cpp
[3.163s] -- Found rmw_implementation_cmake: 6.1.2 (/opt/ros/humble/share/rmw_implementation_cmake/cmake)
[3.165s] -- Found rmw_fastrtps_cpp: 6.2.7 (/opt/ros/humble/share/rmw_fastrtps_cpp/cmake)
[4.300s] -- Found OpenSSL: /usr/lib/x86_64-linux-gnu/libcrypto.so (found version "3.0.2")  
[5.352s] -- Found FastRTPS: /opt/ros/humble/include  
[8.328s] -- Using RMW implementation 'rmw_fastrtps_cpp' as default
[8.332s] -- Performing Test CMAKE_HAVE_LIBC_PTHREAD
[8.398s] -- Performing Test CMAKE_HAVE_LIBC_PTHREAD - Success
[8.399s] -- Found Threads: TRUE  
[8.429s] -- Found rclcpp_components: 16.0.12 (/opt/ros/humble/share/rclcpp_components/cmake)
[8.444s] -- Found camera_info_manager: 3.1.11 (/opt/ros/humble/share/camera_info_manager/cmake)
[8.470s] -- Found image_transport: 3.1.11 (/opt/ros/humble/share/image_transport/cmake)
[9.634s] -- Found flir_camera_msgs: 2.0.8 (/home/adwait/workspace/flir_camera_driver/install/flir_camera_msgs/share/flir_camera_msgs/cmake)
[9.644s] -- Found ament_cmake_ros: 0.10.0 (/opt/ros/humble/share/ament_cmake_ros/cmake)
[9.647s] -- 
[9.647s]  Properties for TARGET spinnaker_camera_driver::camera_driver:
[9.647s]    spinnaker_camera_driver::camera_driver.INTERFACE_INCLUDE_DIRECTORIES = "/home/adwait/workspace/flir_camera_driver/install/spinnaker_camera_driver/include;/home/adwait/workspace/flir_camera_driver/install/spinnaker_camera_driver/include"
[9.647s] 
[9.649s] -- Found ament_cmake_copyright: 0.12.12 (/opt/ros/humble/share/ament_cmake_copyright/cmake)
[9.650s] -- Found ament_cmake_cppcheck: 0.12.12 (/opt/ros/humble/share/ament_cmake_cppcheck/cmake)
[9.650s] -- Found ament_cmake_cpplint: 0.12.12 (/opt/ros/humble/share/ament_cmake_cpplint/cmake)
[9.651s] -- Found ament_cmake_flake8: 0.12.12 (/opt/ros/humble/share/ament_cmake_flake8/cmake)
[9.652s] -- Found ament_cmake_lint_cmake: 0.12.12 (/opt/ros/humble/share/ament_cmake_lint_cmake/cmake)
[9.653s] -- Found ament_cmake_pep257: 0.12.12 (/opt/ros/humble/share/ament_cmake_pep257/cmake)
[9.654s] -- Found ament_cmake_clang_format: 0.12.12 (/opt/ros/humble/share/ament_cmake_clang_format/cmake)
[9.655s] -- Found ament_cmake_xmllint: 0.12.12 (/opt/ros/humble/share/ament_cmake_xmllint/cmake)
[9.696s] -- Configuring done
[9.708s] -- Generating done
[9.714s] -- Build files have been written to: /home/adwait/workspace/flir_camera_driver/build/spinnaker_synchronized_camera_driver
[9.721s] Invoked command in '/home/adwait/workspace/flir_camera_driver/build/spinnaker_synchronized_camera_driver' returned '0': AMENT_PREFIX_PATH=/home/adwait/workspace/flir_camera_driver/install/spinnaker_camera_driver:/home/adwait/workspace/flir_camera_driver/install/flir_camera_msgs:${AMENT_PREFIX_PATH} CMAKE_PREFIX_PATH=/home/adwait/workspace/flir_camera_driver/install/spinnaker_camera_driver:/home/adwait/workspace/flir_camera_driver/install/flir_camera_msgs:/opt/ros/humble LD_LIBRARY_PATH=/home/adwait/workspace/flir_camera_driver/install/spinnaker_camera_driver/lib:/home/adwait/workspace/flir_camera_driver/install/flir_camera_msgs/lib:${LD_LIBRARY_PATH} PYTHONPATH=/home/adwait/workspace/flir_camera_driver/install/flir_camera_msgs/local/lib/python3.10/dist-packages:${PYTHONPATH} /usr/local/bin/cmake /home/adwait/workspace/flir_camera_driver/spinnaker_synchronized_camera_driver -DCMAKE_INSTALL_PREFIX=/home/adwait/workspace/flir_camera_driver/install/spinnaker_synchronized_camera_driver
[9.722s] Invoking command in '/home/adwait/workspace/flir_camera_driver/build/spinnaker_synchronized_camera_driver': AMENT_PREFIX_PATH=/home/adwait/workspace/flir_camera_driver/install/spinnaker_camera_driver:/home/adwait/workspace/flir_camera_driver/install/flir_camera_msgs:${AMENT_PREFIX_PATH} CMAKE_PREFIX_PATH=/home/adwait/workspace/flir_camera_driver/install/spinnaker_camera_driver:/home/adwait/workspace/flir_camera_driver/install/flir_camera_msgs:/opt/ros/humble LD_LIBRARY_PATH=/home/adwait/workspace/flir_camera_driver/install/spinnaker_camera_driver/lib:/home/adwait/workspace/flir_camera_driver/install/flir_camera_msgs/lib:${LD_LIBRARY_PATH} PYTHONPATH=/home/adwait/workspace/flir_camera_driver/install/flir_camera_msgs/local/lib/python3.10/dist-packages:${PYTHONPATH} /usr/local/bin/cmake --build /home/adwait/workspace/flir_camera_driver/build/spinnaker_synchronized_camera_driver -- -j20 -l20
[9.738s] [ 11%] [32mBuilding CXX object CMakeFiles/synchronized_camera_driver.dir/src/synchronized_camera_driver.cpp.o[0m
[9.738s] [ 22%] [32mBuilding CXX object CMakeFiles/synchronized_camera_driver.dir/src/time_estimator.cpp.o[0m
[9.738s] [ 33%] [32mBuilding CXX object CMakeFiles/synchronized_camera_driver.dir/src/time_keeper.cpp.o[0m
[9.738s] [ 44%] [32mBuilding CXX object CMakeFiles/synchronized_camera_driver.dir/src/exposure_controller_factory.cpp.o[0m
[9.739s] [ 55%] [32mBuilding CXX object CMakeFiles/synchronized_camera_driver.dir/src/master_exposure_controller.cpp.o[0m
[9.739s] [ 66%] [32mBuilding CXX object CMakeFiles/synchronized_camera_driver.dir/src/follower_exposure_controller.cpp.o[0m
[14.408s] [ 77%] [32m[1mLinking CXX shared library libsynchronized_camera_driver.so[0m
[14.615s] [ 77%] Built target synchronized_camera_driver
[14.622s] [ 88%] [32mBuilding CXX object CMakeFiles/synchronized_camera_driver_node.dir/src/synchronized_camera_driver_node.cpp.o[0m
[17.061s] [100%] [32m[1mLinking CXX executable synchronized_camera_driver_node[0m
[17.581s] [100%] Built target synchronized_camera_driver_node
[17.584s] Invoked command in '/home/adwait/workspace/flir_camera_driver/build/spinnaker_synchronized_camera_driver' returned '0': AMENT_PREFIX_PATH=/home/adwait/workspace/flir_camera_driver/install/spinnaker_camera_driver:/home/adwait/workspace/flir_camera_driver/install/flir_camera_msgs:${AMENT_PREFIX_PATH} CMAKE_PREFIX_PATH=/home/adwait/workspace/flir_camera_driver/install/spinnaker_camera_driver:/home/adwait/workspace/flir_camera_driver/install/flir_camera_msgs:/opt/ros/humble LD_LIBRARY_PATH=/home/adwait/workspace/flir_camera_driver/install/spinnaker_camera_driver/lib:/home/adwait/workspace/flir_camera_driver/install/flir_camera_msgs/lib:${LD_LIBRARY_PATH} PYTHONPATH=/home/adwait/workspace/flir_camera_driver/install/flir_camera_msgs/local/lib/python3.10/dist-packages:${PYTHONPATH} /usr/local/bin/cmake --build /home/adwait/workspace/flir_camera_driver/build/spinnaker_synchronized_camera_driver -- -j20 -l20
[17.586s] Invoking command in '/home/adwait/workspace/flir_camera_driver/build/spinnaker_synchronized_camera_driver': AMENT_PREFIX_PATH=/home/adwait/workspace/flir_camera_driver/install/spinnaker_camera_driver:/home/adwait/workspace/flir_camera_driver/install/flir_camera_msgs:${AMENT_PREFIX_PATH} CMAKE_PREFIX_PATH=/home/adwait/workspace/flir_camera_driver/install/spinnaker_camera_driver:/home/adwait/workspace/flir_camera_driver/install/flir_camera_msgs:/opt/ros/humble LD_LIBRARY_PATH=/home/adwait/workspace/flir_camera_driver/install/spinnaker_camera_driver/lib:/home/adwait/workspace/flir_camera_driver/install/flir_camera_msgs/lib:${LD_LIBRARY_PATH} PYTHONPATH=/home/adwait/workspace/flir_camera_driver/install/flir_camera_msgs/local/lib/python3.10/dist-packages:${PYTHONPATH} /usr/local/bin/cmake --install /home/adwait/workspace/flir_camera_driver/build/spinnaker_synchronized_camera_driver
[17.587s] -- Install configuration: "RelWithDebInfo"
[17.587s] -- Installing: /home/adwait/workspace/flir_camera_driver/install/spinnaker_synchronized_camera_driver/lib/spinnaker_synchronized_camera_driver/synchronized_camera_driver_node
[17.588s] -- Set runtime path of "/home/adwait/workspace/flir_camera_driver/install/spinnaker_synchronized_camera_driver/lib/spinnaker_synchronized_camera_driver/synchronized_camera_driver_node" to ""
[17.588s] -- Installing: /home/adwait/workspace/flir_camera_driver/install/spinnaker_synchronized_camera_driver/lib/libsynchronized_camera_driver.so
[17.591s] -- Set runtime path of "/home/adwait/workspace/flir_camera_driver/install/spinnaker_synchronized_camera_driver/lib/libsynchronized_camera_driver.so" to ""
[17.591s] -- Installing: /home/adwait/workspace/flir_camera_driver/install/spinnaker_synchronized_camera_driver/share/spinnaker_synchronized_camera_driver//launch
[17.592s] -- Installing: /home/adwait/workspace/flir_camera_driver/install/spinnaker_synchronized_camera_driver/share/spinnaker_synchronized_camera_driver//launch/primary_secondary.launch.py
[17.593s] -- Installing: /home/adwait/workspace/flir_camera_driver/install/spinnaker_synchronized_camera_driver/share/spinnaker_synchronized_camera_driver//launch/master_example.launch.py
[17.593s] -- Installing: /home/adwait/workspace/flir_camera_driver/install/spinnaker_synchronized_camera_driver/share/spinnaker_synchronized_camera_driver//launch/follower_example.launch.py
[17.594s] -- Installing: /home/adwait/workspace/flir_camera_driver/install/spinnaker_synchronized_camera_driver/share/ament_index/resource_index/package_run_dependencies/spinnaker_synchronized_camera_driver
[17.594s] -- Installing: /home/adwait/workspace/flir_camera_driver/install/spinnaker_synchronized_camera_driver/share/ament_index/resource_index/parent_prefix_path/spinnaker_synchronized_camera_driver
[17.594s] -- Installing: /home/adwait/workspace/flir_camera_driver/install/spinnaker_synchronized_camera_driver/share/spinnaker_synchronized_camera_driver/environment/ament_prefix_path.sh
[17.595s] -- Installing: /home/adwait/workspace/flir_camera_driver/install/spinnaker_synchronized_camera_driver/share/spinnaker_synchronized_camera_driver/environment/ament_prefix_path.dsv
[17.595s] -- Installing: /home/adwait/workspace/flir_camera_driver/install/spinnaker_synchronized_camera_driver/share/spinnaker_synchronized_camera_driver/environment/path.sh
[17.595s] -- Installing: /home/adwait/workspace/flir_camera_driver/install/spinnaker_synchronized_camera_driver/share/spinnaker_synchronized_camera_driver/environment/path.dsv
[17.595s] -- Installing: /home/adwait/workspace/flir_camera_driver/install/spinnaker_synchronized_camera_driver/share/spinnaker_synchronized_camera_driver/local_setup.bash
[17.595s] -- Installing: /home/adwait/workspace/flir_camera_driver/install/spinnaker_synchronized_camera_driver/share/spinnaker_synchronized_camera_driver/local_setup.sh
[17.595s] -- Installing: /home/adwait/workspace/flir_camera_driver/install/spinnaker_synchronized_camera_driver/share/spinnaker_synchronized_camera_driver/local_setup.zsh
[17.595s] -- Installing: /home/adwait/workspace/flir_camera_driver/install/spinnaker_synchronized_camera_driver/share/spinnaker_synchronized_camera_driver/local_setup.dsv
[17.595s] -- Installing: /home/adwait/workspace/flir_camera_driver/install/spinnaker_synchronized_camera_driver/share/spinnaker_synchronized_camera_driver/package.dsv
[17.595s] -- Installing: /home/adwait/workspace/flir_camera_driver/install/spinnaker_synchronized_camera_driver/share/ament_index/resource_index/packages/spinnaker_synchronized_camera_driver
[17.596s] -- Installing: /home/adwait/workspace/flir_camera_driver/install/spinnaker_synchronized_camera_driver/share/ament_index/resource_index/rclcpp_components/spinnaker_synchronized_camera_driver
[17.596s] -- Installing: /home/adwait/workspace/flir_camera_driver/install/spinnaker_synchronized_camera_driver/share/spinnaker_synchronized_camera_driver/cmake/spinnaker_synchronized_camera_driverConfig.cmake
[17.596s] -- Installing: /home/adwait/workspace/flir_camera_driver/install/spinnaker_synchronized_camera_driver/share/spinnaker_synchronized_camera_driver/cmake/spinnaker_synchronized_camera_driverConfig-version.cmake
[17.596s] -- Installing: /home/adwait/workspace/flir_camera_driver/install/spinnaker_synchronized_camera_driver/share/spinnaker_synchronized_camera_driver/package.xml
[17.597s] Invoked command in '/home/adwait/workspace/flir_camera_driver/build/spinnaker_synchronized_camera_driver' returned '0': AMENT_PREFIX_PATH=/home/adwait/workspace/flir_camera_driver/install/spinnaker_camera_driver:/home/adwait/workspace/flir_camera_driver/install/flir_camera_msgs:${AMENT_PREFIX_PATH} CMAKE_PREFIX_PATH=/home/adwait/workspace/flir_camera_driver/install/spinnaker_camera_driver:/home/adwait/workspace/flir_camera_driver/install/flir_camera_msgs:/opt/ros/humble LD_LIBRARY_PATH=/home/adwait/workspace/flir_camera_driver/install/spinnaker_camera_driver/lib:/home/adwait/workspace/flir_camera_driver/install/flir_camera_msgs/lib:${LD_LIBRARY_PATH} PYTHONPATH=/home/adwait/workspace/flir_camera_driver/install/flir_camera_msgs/local/lib/python3.10/dist-packages:${PYTHONPATH} /usr/local/bin/cmake --install /home/adwait/workspace/flir_camera_driver/build/spinnaker_synchronized_camera_driver
