[0.009s] Invoking command in '/home/adwait/workspace/flir_camera_driver/build/flir_camera_msgs': /usr/local/bin/cmake /home/adwait/workspace/flir_camera_driver/flir_camera_msgs -DCMAKE_INSTALL_PREFIX=/home/adwait/workspace/flir_camera_driver/install/flir_camera_msgs
[0.235s] -- The C compiler identification is GNU 11.4.0
[0.635s] -- The CXX compiler identification is GNU 11.4.0
[0.771s] -- Detecting C compiler ABI info
[0.845s] -- Detecting C compiler ABI info - done
[0.850s] -- Check for working C compiler: /usr/bin/cc - skipped
[0.851s] -- Detecting C compile features
[0.851s] -- Detecting C compile features - done
[0.854s] -- Detecting CXX compiler ABI info
[0.915s] -- Detecting CXX compiler ABI info - done
[0.920s] -- Check for working CXX compiler: /usr/bin/c++ - skipped
[0.921s] -- Detecting CXX compile features
[0.921s] -- Detecting CXX compile features - done
[1.248s] [31mCMake Error at CMakeLists.txt:21 (find_package):
[1.248s]   By not providing "Findament_cmake.cmake" in CMAKE_MODULE_PATH this project
[1.248s]   has asked CMake to find a package configuration file provided by
[1.248s]   "ament_cmake", but CMake did not find one.
[1.248s] 
[1.249s]   Could not find a package configuration file provided by "ament_cmake" with
[1.249s]   any of the following names:
[1.249s] 
[1.249s]     ament_cmakeConfig.cmake
[1.249s]     ament_cmake-config.cmake
[1.249s] 
[1.249s]   Add the installation prefix of "ament_cmake" to CMAKE_PREFIX_PATH or set
[1.249s]   "ament_cmake_DIR" to a directory containing one of the above files.  If
[1.249s]   "ament_cmake" provides a separate development package or SDK, be sure it
[1.250s]   has been installed.
[1.250s] 
[1.250s] [0m
[1.250s] -- Configuring incomplete, errors occurred!
[1.250s] See also "/home/adwait/workspace/flir_camera_driver/build/flir_camera_msgs/CMakeFiles/CMakeOutput.log".
[1.253s] Invoked command in '/home/adwait/workspace/flir_camera_driver/build/flir_camera_msgs' returned '1': /usr/local/bin/cmake /home/adwait/workspace/flir_camera_driver/flir_camera_msgs -DCMAKE_INSTALL_PREFIX=/home/adwait/workspace/flir_camera_driver/install/flir_camera_msgs
