[0.011s] Invoking command in '/home/adwait/workspace/flir_camera_driver/build/flir_camera_description': /usr/local/bin/cmake /home/adwait/workspace/flir_camera_driver/flir_camera_description -DCMAKE_INSTALL_PREFIX=/home/adwait/workspace/flir_camera_driver/install/flir_camera_description
[0.231s] -- The C compiler identification is GNU 11.4.0
[0.630s] -- The CXX compiler identification is GNU 11.4.0
[0.766s] -- Detecting C compiler ABI info
[0.841s] -- Detecting C compiler ABI info - done
[0.846s] -- Check for working C compiler: /usr/bin/cc - skipped
[0.846s] -- Detecting C compile features
[0.847s] -- Detecting C compile features - done
[0.850s] -- Detecting CXX compiler ABI info
[0.911s] -- Detecting CXX compiler ABI info - done
[0.916s] -- Check for working CXX compiler: /usr/bin/c++ - skipped
[0.916s] -- Detecting CXX compile features
[0.916s] -- Detecting CXX compile features - done
[1.243s] [31mCMake Error at CMakeLists.txt:5 (find_package):
[1.243s]   By not providing "Findament_cmake.cmake" in CMAKE_MODULE_PATH this project
[1.243s]   has asked CMake to find a package configuration file provided by
[1.243s]   "ament_cmake", but CMake did not find one.
[1.243s] 
[1.243s]   Could not find a package configuration file provided by "ament_cmake" with
[1.243s]   any of the following names:
[1.243s] 
[1.243s]     ament_cmakeConfig.cmake
[1.243s]     ament_cmake-config.cmake
[1.243s] 
[1.243s]   Add the installation prefix of "ament_cmake" to CMAKE_PREFIX_PATH or set
[1.243s]   "ament_cmake_DIR" to a directory containing one of the above files.  If
[1.243s]   "ament_cmake" provides a separate development package or SDK, be sure it
[1.243s]   has been installed.
[1.243s] 
[1.243s] [0m
[1.243s] -- Configuring incomplete, errors occurred!
[1.243s] See also "/home/adwait/workspace/flir_camera_driver/build/flir_camera_description/CMakeFiles/CMakeOutput.log".
[1.247s] Invoked command in '/home/adwait/workspace/flir_camera_driver/build/flir_camera_description' returned '1': /usr/local/bin/cmake /home/adwait/workspace/flir_camera_driver/flir_camera_description -DCMAKE_INSTALL_PREFIX=/home/adwait/workspace/flir_camera_driver/install/flir_camera_description
