[0.008s] Invoking command in '/home/adwait/workspace/flir_camera_driver/build/flir_camera_msgs': CMAKE_PREFIX_PATH=/opt/ros/humble /usr/local/bin/cmake /home/adwait/workspace/flir_camera_driver/flir_camera_msgs -DCMAKE_INSTALL_PREFIX=/home/adwait/workspace/flir_camera_driver/install/flir_camera_msgs
[0.021s] -- Found ament_cmake: 1.3.11 (/opt/ros/humble/share/ament_cmake/cmake)
[0.093s] -- Found Python3: /usr/bin/python3 (found version "3.10.12") found components: Interpreter 
[0.168s] -- Found builtin_interfaces: 1.2.1 (/opt/ros/humble/share/builtin_interfaces/cmake)
[0.464s] -- Found rosidl_generator_c: 3.1.6 (/opt/ros/humble/share/rosidl_generator_c/cmake)
[0.473s] -- Found rosidl_adapter: 3.1.6 (/opt/ros/humble/share/rosidl_adapter/cmake)
[0.490s] -- Found rosidl_generator_cpp: 3.1.6 (/opt/ros/humble/share/rosidl_generator_cpp/cmake)
[0.511s] -- Using all available rosidl_typesupport_c: rosidl_typesupport_fastrtps_c;rosidl_typesupport_introspection_c
[0.528s] -- Using all available rosidl_typesupport_cpp: rosidl_typesupport_fastrtps_cpp;rosidl_typesupport_introspection_cpp
[0.542s] -- Found rosidl_default_generators: 1.2.0 (/opt/ros/humble/share/rosidl_default_generators/cmake)
[0.551s] -- Found std_msgs: 4.8.0 (/opt/ros/humble/share/std_msgs/cmake)
[0.689s] -- Found ament_cmake_cppcheck: 0.12.12 (/opt/ros/humble/share/ament_cmake_cppcheck/cmake)
[0.691s] -- Found ament_cmake_cpplint: 0.12.12 (/opt/ros/humble/share/ament_cmake_cpplint/cmake)
[0.692s] -- Found ament_cmake_uncrustify: 0.12.12 (/opt/ros/humble/share/ament_cmake_uncrustify/cmake)
[0.694s] -- Found ament_cmake_ros: 0.10.0 (/opt/ros/humble/share/ament_cmake_ros/cmake)
[0.830s] -- Using all available rosidl_typesupport_c: rosidl_typesupport_fastrtps_c;rosidl_typesupport_introspection_c
[0.878s] -- Using all available rosidl_typesupport_cpp: rosidl_typesupport_fastrtps_cpp;rosidl_typesupport_introspection_cpp
[1.082s] -- Found PythonInterp: /usr/bin/python3 (found suitable version "3.10.12", minimum required is "3.6") 
[1.085s] -- Found python_cmake_module: 0.10.0 (/opt/ros/humble/share/python_cmake_module/cmake)
[1.623s] -- Found PythonLibs: /usr/lib/x86_64-linux-gnu/libpython3.10.so (found suitable version "3.10.12", minimum required is "3.5") 
[1.623s] -- Using PYTHON_EXECUTABLE: /usr/bin/python3
[1.623s] -- Using PYTHON_INCLUDE_DIRS: /usr/include/python3.10
[1.623s] -- Using PYTHON_LIBRARIES: /usr/lib/x86_64-linux-gnu/libpython3.10.so
[1.636s] -- Found PythonExtra: .so  
[1.822s] -- Found ament_cmake_flake8: 0.12.12 (/opt/ros/humble/share/ament_cmake_flake8/cmake)
[1.823s] -- Found ament_cmake_pep257: 0.12.12 (/opt/ros/humble/share/ament_cmake_pep257/cmake)
[1.824s] -- Found ament_cmake_copyright: 0.12.12 (/opt/ros/humble/share/ament_cmake_copyright/cmake)
[1.825s] -- Found ament_cmake_lint_cmake: 0.12.12 (/opt/ros/humble/share/ament_cmake_lint_cmake/cmake)
[1.826s] -- Found ament_cmake_xmllint: 0.12.12 (/opt/ros/humble/share/ament_cmake_xmllint/cmake)
[1.841s] -- Configuring done
[1.871s] -- Generating done
[1.879s] -- Build files have been written to: /home/adwait/workspace/flir_camera_driver/build/flir_camera_msgs
[1.885s] Invoked command in '/home/adwait/workspace/flir_camera_driver/build/flir_camera_msgs' returned '0': CMAKE_PREFIX_PATH=/opt/ros/humble /usr/local/bin/cmake /home/adwait/workspace/flir_camera_driver/flir_camera_msgs -DCMAKE_INSTALL_PREFIX=/home/adwait/workspace/flir_camera_driver/install/flir_camera_msgs
[1.885s] Invoking command in '/home/adwait/workspace/flir_camera_driver/build/flir_camera_msgs': CMAKE_PREFIX_PATH=/opt/ros/humble /usr/local/bin/cmake --build /home/adwait/workspace/flir_camera_driver/build/flir_camera_msgs -- -j20 -l20
[1.897s] [  2%] [34m[1mGenerating C code for ROS interfaces[0m
[1.900s] [  5%] [34m[1mGenerating C++ code for ROS interfaces[0m
[1.902s] [  5%] Built target ament_cmake_python_copy_flir_camera_msgs
[2.039s] running egg_info
[2.039s] creating flir_camera_msgs.egg-info
[2.039s] writing flir_camera_msgs.egg-info/PKG-INFO
[2.040s] writing dependency_links to flir_camera_msgs.egg-info/dependency_links.txt
[2.040s] writing top-level names to flir_camera_msgs.egg-info/top_level.txt
[2.040s] writing manifest file 'flir_camera_msgs.egg-info/SOURCES.txt'
[2.042s] reading manifest file 'flir_camera_msgs.egg-info/SOURCES.txt'
[2.042s] writing manifest file 'flir_camera_msgs.egg-info/SOURCES.txt'
[2.058s] [  5%] Built target ament_cmake_python_build_flir_camera_msgs_egg
[2.111s] [  5%] Built target flir_camera_msgs__cpp
[2.114s] [ 10%] [34m[1mGenerating C++ type support dispatch for ROS interfaces[0m
[2.115s] [  7%] [34m[1mGenerating C++ type support for eProsima Fast-RTPS[0m
[2.115s] [ 12%] [34m[1mGenerating C++ introspection for ROS interfaces[0m
[2.117s] [ 15%] [32mBuilding C object CMakeFiles/flir_camera_msgs__rosidl_generator_c.dir/rosidl_generator_c/flir_camera_msgs/msg/detail/image_meta_data__functions.c.o[0m
[2.119s] [ 17%] [32mBuilding C object CMakeFiles/flir_camera_msgs__rosidl_generator_c.dir/rosidl_generator_c/flir_camera_msgs/msg/detail/camera_control__functions.c.o[0m
[2.166s] [ 20%] [32m[1mLinking C shared library libflir_camera_msgs__rosidl_generator_c.so[0m
[2.240s] [ 20%] Built target flir_camera_msgs__rosidl_generator_c
[2.243s] [ 23%] [34m[1mGenerating C introspection for ROS interfaces[0m
[2.243s] [ 25%] [34m[1mGenerating C type support dispatch for ROS interfaces[0m
[2.244s] [ 28%] [34m[1mGenerating C type support for eProsima Fast-RTPS[0m
[2.302s] [ 30%] [32mBuilding CXX object CMakeFiles/flir_camera_msgs__rosidl_typesupport_cpp.dir/rosidl_typesupport_cpp/flir_camera_msgs/msg/image_meta_data__type_support.cpp.o[0m
[2.303s] [ 33%] [32mBuilding CXX object CMakeFiles/flir_camera_msgs__rosidl_typesupport_cpp.dir/rosidl_typesupport_cpp/flir_camera_msgs/msg/camera_control__type_support.cpp.o[0m
[2.307s] [ 35%] [32mBuilding CXX object CMakeFiles/flir_camera_msgs__rosidl_typesupport_introspection_cpp.dir/rosidl_typesupport_introspection_cpp/flir_camera_msgs/msg/detail/image_meta_data__type_support.cpp.o[0m
[2.307s] [ 38%] [32mBuilding CXX object CMakeFiles/flir_camera_msgs__rosidl_typesupport_introspection_cpp.dir/rosidl_typesupport_introspection_cpp/flir_camera_msgs/msg/detail/camera_control__type_support.cpp.o[0m
[2.331s] [ 41%] [32mBuilding CXX object CMakeFiles/flir_camera_msgs__rosidl_typesupport_fastrtps_cpp.dir/rosidl_typesupport_fastrtps_cpp/flir_camera_msgs/msg/detail/dds_fastrtps/image_meta_data__type_support.cpp.o[0m
[2.331s] [ 43%] [32mBuilding CXX object CMakeFiles/flir_camera_msgs__rosidl_typesupport_fastrtps_cpp.dir/rosidl_typesupport_fastrtps_cpp/flir_camera_msgs/msg/detail/dds_fastrtps/camera_control__type_support.cpp.o[0m
[2.461s] [ 46%] [32mBuilding CXX object CMakeFiles/flir_camera_msgs__rosidl_typesupport_fastrtps_c.dir/rosidl_typesupport_fastrtps_c/flir_camera_msgs/msg/detail/image_meta_data__type_support_c.cpp.o[0m
[2.461s] [ 48%] [32mBuilding CXX object CMakeFiles/flir_camera_msgs__rosidl_typesupport_fastrtps_c.dir/rosidl_typesupport_fastrtps_c/flir_camera_msgs/msg/detail/camera_control__type_support_c.cpp.o[0m
[2.501s] [ 51%] [32mBuilding C object CMakeFiles/flir_camera_msgs__rosidl_typesupport_introspection_c.dir/rosidl_typesupport_introspection_c/flir_camera_msgs/msg/detail/camera_control__type_support.c.o[0m
[2.501s] [ 53%] [32mBuilding C object CMakeFiles/flir_camera_msgs__rosidl_typesupport_introspection_c.dir/rosidl_typesupport_introspection_c/flir_camera_msgs/msg/detail/image_meta_data__type_support.c.o[0m
[2.507s] [ 56%] [32mBuilding CXX object CMakeFiles/flir_camera_msgs__rosidl_typesupport_c.dir/rosidl_typesupport_c/flir_camera_msgs/msg/image_meta_data__type_support.cpp.o[0m
[2.507s] [ 58%] [32mBuilding CXX object CMakeFiles/flir_camera_msgs__rosidl_typesupport_c.dir/rosidl_typesupport_c/flir_camera_msgs/msg/camera_control__type_support.cpp.o[0m
[2.527s] [ 61%] [32m[1mLinking C shared library libflir_camera_msgs__rosidl_typesupport_introspection_c.so[0m
[2.533s] [ 64%] [32m[1mLinking CXX shared library libflir_camera_msgs__rosidl_typesupport_c.so[0m
[2.561s] [ 66%] [32m[1mLinking CXX shared library libflir_camera_msgs__rosidl_typesupport_cpp.so[0m
[2.588s] [ 66%] Built target flir_camera_msgs__rosidl_typesupport_introspection_c
[2.602s] [ 66%] Built target flir_camera_msgs__rosidl_typesupport_c
[2.639s] [ 66%] Built target flir_camera_msgs__rosidl_typesupport_cpp
[2.651s] [ 69%] [32m[1mLinking CXX shared library libflir_camera_msgs__rosidl_typesupport_introspection_cpp.so[0m
[2.652s] [ 71%] [32m[1mLinking CXX shared library libflir_camera_msgs__rosidl_typesupport_fastrtps_cpp.so[0m
[2.692s] [ 74%] [32m[1mLinking CXX shared library libflir_camera_msgs__rosidl_typesupport_fastrtps_c.so[0m
[2.720s] [ 74%] Built target flir_camera_msgs__rosidl_typesupport_introspection_cpp
[2.733s] [ 74%] Built target flir_camera_msgs__rosidl_typesupport_fastrtps_cpp
[2.776s] [ 74%] Built target flir_camera_msgs__rosidl_typesupport_fastrtps_c
[2.782s] [ 74%] Built target flir_camera_msgs
[2.788s] [ 76%] [34m[1mGenerating Python code for ROS interfaces[0m
[3.079s] [ 76%] Built target flir_camera_msgs__py
[3.085s] [ 79%] [32mBuilding C object CMakeFiles/flir_camera_msgs__rosidl_generator_py.dir/rosidl_generator_py/flir_camera_msgs/msg/_image_meta_data_s.c.o[0m
[3.085s] [ 82%] [32mBuilding C object CMakeFiles/flir_camera_msgs__rosidl_generator_py.dir/rosidl_generator_py/flir_camera_msgs/msg/_camera_control_s.c.o[0m
[3.174s] [ 84%] [32m[1mLinking C shared library rosidl_generator_py/flir_camera_msgs/libflir_camera_msgs__rosidl_generator_py.so[0m
[3.542s] [ 84%] Built target flir_camera_msgs__rosidl_generator_py
[3.548s] [ 89%] [32mBuilding C object CMakeFiles/flir_camera_msgs__rosidl_typesupport_fastrtps_c__pyext.dir/rosidl_generator_py/flir_camera_msgs/_flir_camera_msgs_s.ep.rosidl_typesupport_fastrtps_c.c.o[0m
[3.548s] [ 87%] [32mBuilding C object CMakeFiles/flir_camera_msgs__rosidl_typesupport_c__pyext.dir/rosidl_generator_py/flir_camera_msgs/_flir_camera_msgs_s.ep.rosidl_typesupport_c.c.o[0m
[3.548s] [ 92%] [32mBuilding C object CMakeFiles/flir_camera_msgs__rosidl_typesupport_introspection_c__pyext.dir/rosidl_generator_py/flir_camera_msgs/_flir_camera_msgs_s.ep.rosidl_typesupport_introspection_c.c.o[0m
[3.603s] [ 94%] [32m[1mLinking C shared library rosidl_generator_py/flir_camera_msgs/flir_camera_msgs_s__rosidl_typesupport_fastrtps_c.cpython-310-x86_64-linux-gnu.so[0m
[3.603s] [ 97%] [32m[1mLinking C shared library rosidl_generator_py/flir_camera_msgs/flir_camera_msgs_s__rosidl_typesupport_introspection_c.cpython-310-x86_64-linux-gnu.so[0m
[3.609s] [100%] [32m[1mLinking C shared library rosidl_generator_py/flir_camera_msgs/flir_camera_msgs_s__rosidl_typesupport_c.cpython-310-x86_64-linux-gnu.so[0m
[3.655s] [100%] Built target flir_camera_msgs__rosidl_typesupport_introspection_c__pyext
[3.655s] [100%] Built target flir_camera_msgs__rosidl_typesupport_fastrtps_c__pyext
[3.674s] [100%] Built target flir_camera_msgs__rosidl_typesupport_c__pyext
[3.678s] Invoked command in '/home/adwait/workspace/flir_camera_driver/build/flir_camera_msgs' returned '0': CMAKE_PREFIX_PATH=/opt/ros/humble /usr/local/bin/cmake --build /home/adwait/workspace/flir_camera_driver/build/flir_camera_msgs -- -j20 -l20
[3.680s] Invoking command in '/home/adwait/workspace/flir_camera_driver/build/flir_camera_msgs': CMAKE_PREFIX_PATH=/opt/ros/humble /usr/local/bin/cmake --install /home/adwait/workspace/flir_camera_driver/build/flir_camera_msgs
[3.682s] -- Install configuration: ""
[3.682s] -- Installing: /home/adwait/workspace/flir_camera_driver/install/flir_camera_msgs/share/ament_index/resource_index/rosidl_interfaces/flir_camera_msgs
[3.683s] -- Installing: /home/adwait/workspace/flir_camera_driver/install/flir_camera_msgs/include/flir_camera_msgs/flir_camera_msgs
[3.683s] -- Installing: /home/adwait/workspace/flir_camera_driver/install/flir_camera_msgs/include/flir_camera_msgs/flir_camera_msgs/msg
[3.683s] -- Installing: /home/adwait/workspace/flir_camera_driver/install/flir_camera_msgs/include/flir_camera_msgs/flir_camera_msgs/msg/rosidl_generator_c__visibility_control.h
[3.683s] -- Installing: /home/adwait/workspace/flir_camera_driver/install/flir_camera_msgs/include/flir_camera_msgs/flir_camera_msgs/msg/camera_control.h
[3.683s] -- Installing: /home/adwait/workspace/flir_camera_driver/install/flir_camera_msgs/include/flir_camera_msgs/flir_camera_msgs/msg/detail
[3.683s] -- Installing: /home/adwait/workspace/flir_camera_driver/install/flir_camera_msgs/include/flir_camera_msgs/flir_camera_msgs/msg/detail/image_meta_data__functions.h
[3.683s] -- Installing: /home/adwait/workspace/flir_camera_driver/install/flir_camera_msgs/include/flir_camera_msgs/flir_camera_msgs/msg/detail/image_meta_data__functions.c
[3.683s] -- Installing: /home/adwait/workspace/flir_camera_driver/install/flir_camera_msgs/include/flir_camera_msgs/flir_camera_msgs/msg/detail/camera_control__functions.h
[3.683s] -- Installing: /home/adwait/workspace/flir_camera_driver/install/flir_camera_msgs/include/flir_camera_msgs/flir_camera_msgs/msg/detail/camera_control__type_support.h
[3.683s] -- Installing: /home/adwait/workspace/flir_camera_driver/install/flir_camera_msgs/include/flir_camera_msgs/flir_camera_msgs/msg/detail/image_meta_data__type_support.h
[3.683s] -- Installing: /home/adwait/workspace/flir_camera_driver/install/flir_camera_msgs/include/flir_camera_msgs/flir_camera_msgs/msg/detail/image_meta_data__struct.h
[3.684s] -- Installing: /home/adwait/workspace/flir_camera_driver/install/flir_camera_msgs/include/flir_camera_msgs/flir_camera_msgs/msg/detail/camera_control__functions.c
[3.684s] -- Installing: /home/adwait/workspace/flir_camera_driver/install/flir_camera_msgs/include/flir_camera_msgs/flir_camera_msgs/msg/detail/camera_control__struct.h
[3.684s] -- Installing: /home/adwait/workspace/flir_camera_driver/install/flir_camera_msgs/include/flir_camera_msgs/flir_camera_msgs/msg/image_meta_data.h
[3.684s] -- Installing: /home/adwait/workspace/flir_camera_driver/install/flir_camera_msgs/share/flir_camera_msgs/environment/library_path.sh
[3.684s] -- Installing: /home/adwait/workspace/flir_camera_driver/install/flir_camera_msgs/share/flir_camera_msgs/environment/library_path.dsv
[3.684s] -- Installing: /home/adwait/workspace/flir_camera_driver/install/flir_camera_msgs/lib/libflir_camera_msgs__rosidl_generator_c.so
[3.684s] -- Set runtime path of "/home/adwait/workspace/flir_camera_driver/install/flir_camera_msgs/lib/libflir_camera_msgs__rosidl_generator_c.so" to ""
[3.684s] -- Up-to-date: /home/adwait/workspace/flir_camera_driver/install/flir_camera_msgs/include/flir_camera_msgs/flir_camera_msgs
[3.684s] -- Up-to-date: /home/adwait/workspace/flir_camera_driver/install/flir_camera_msgs/include/flir_camera_msgs/flir_camera_msgs/msg
[3.684s] -- Installing: /home/adwait/workspace/flir_camera_driver/install/flir_camera_msgs/include/flir_camera_msgs/flir_camera_msgs/msg/rosidl_typesupport_fastrtps_c__visibility_control.h
[3.684s] -- Up-to-date: /home/adwait/workspace/flir_camera_driver/install/flir_camera_msgs/include/flir_camera_msgs/flir_camera_msgs/msg/detail
[3.684s] -- Installing: /home/adwait/workspace/flir_camera_driver/install/flir_camera_msgs/include/flir_camera_msgs/flir_camera_msgs/msg/detail/camera_control__rosidl_typesupport_fastrtps_c.h
[3.684s] -- Installing: /home/adwait/workspace/flir_camera_driver/install/flir_camera_msgs/include/flir_camera_msgs/flir_camera_msgs/msg/detail/image_meta_data__rosidl_typesupport_fastrtps_c.h
[3.685s] -- Installing: /home/adwait/workspace/flir_camera_driver/install/flir_camera_msgs/lib/libflir_camera_msgs__rosidl_typesupport_fastrtps_c.so
[3.685s] -- Set runtime path of "/home/adwait/workspace/flir_camera_driver/install/flir_camera_msgs/lib/libflir_camera_msgs__rosidl_typesupport_fastrtps_c.so" to ""
[3.685s] -- Up-to-date: /home/adwait/workspace/flir_camera_driver/install/flir_camera_msgs/include/flir_camera_msgs/flir_camera_msgs
[3.685s] -- Up-to-date: /home/adwait/workspace/flir_camera_driver/install/flir_camera_msgs/include/flir_camera_msgs/flir_camera_msgs/msg
[3.685s] -- Installing: /home/adwait/workspace/flir_camera_driver/install/flir_camera_msgs/include/flir_camera_msgs/flir_camera_msgs/msg/image_meta_data.hpp
[3.685s] -- Installing: /home/adwait/workspace/flir_camera_driver/install/flir_camera_msgs/include/flir_camera_msgs/flir_camera_msgs/msg/camera_control.hpp
[3.685s] -- Up-to-date: /home/adwait/workspace/flir_camera_driver/install/flir_camera_msgs/include/flir_camera_msgs/flir_camera_msgs/msg/detail
[3.685s] -- Installing: /home/adwait/workspace/flir_camera_driver/install/flir_camera_msgs/include/flir_camera_msgs/flir_camera_msgs/msg/detail/camera_control__type_support.hpp
[3.685s] -- Installing: /home/adwait/workspace/flir_camera_driver/install/flir_camera_msgs/include/flir_camera_msgs/flir_camera_msgs/msg/detail/image_meta_data__struct.hpp
[3.686s] -- Installing: /home/adwait/workspace/flir_camera_driver/install/flir_camera_msgs/include/flir_camera_msgs/flir_camera_msgs/msg/detail/camera_control__traits.hpp
[3.686s] -- Installing: /home/adwait/workspace/flir_camera_driver/install/flir_camera_msgs/include/flir_camera_msgs/flir_camera_msgs/msg/detail/camera_control__struct.hpp
[3.686s] -- Installing: /home/adwait/workspace/flir_camera_driver/install/flir_camera_msgs/include/flir_camera_msgs/flir_camera_msgs/msg/detail/camera_control__builder.hpp
[3.686s] -- Installing: /home/adwait/workspace/flir_camera_driver/install/flir_camera_msgs/include/flir_camera_msgs/flir_camera_msgs/msg/detail/image_meta_data__type_support.hpp
[3.686s] -- Installing: /home/adwait/workspace/flir_camera_driver/install/flir_camera_msgs/include/flir_camera_msgs/flir_camera_msgs/msg/detail/image_meta_data__traits.hpp
[3.686s] -- Installing: /home/adwait/workspace/flir_camera_driver/install/flir_camera_msgs/include/flir_camera_msgs/flir_camera_msgs/msg/detail/image_meta_data__builder.hpp
[3.686s] -- Installing: /home/adwait/workspace/flir_camera_driver/install/flir_camera_msgs/include/flir_camera_msgs/flir_camera_msgs/msg/rosidl_generator_cpp__visibility_control.hpp
[3.686s] -- Up-to-date: /home/adwait/workspace/flir_camera_driver/install/flir_camera_msgs/include/flir_camera_msgs/flir_camera_msgs
[3.686s] -- Up-to-date: /home/adwait/workspace/flir_camera_driver/install/flir_camera_msgs/include/flir_camera_msgs/flir_camera_msgs/msg
[3.686s] -- Up-to-date: /home/adwait/workspace/flir_camera_driver/install/flir_camera_msgs/include/flir_camera_msgs/flir_camera_msgs/msg/detail
[3.686s] -- Installing: /home/adwait/workspace/flir_camera_driver/install/flir_camera_msgs/include/flir_camera_msgs/flir_camera_msgs/msg/detail/dds_fastrtps
[3.687s] -- Installing: /home/adwait/workspace/flir_camera_driver/install/flir_camera_msgs/include/flir_camera_msgs/flir_camera_msgs/msg/detail/camera_control__rosidl_typesupport_fastrtps_cpp.hpp
[3.687s] -- Installing: /home/adwait/workspace/flir_camera_driver/install/flir_camera_msgs/include/flir_camera_msgs/flir_camera_msgs/msg/detail/image_meta_data__rosidl_typesupport_fastrtps_cpp.hpp
[3.687s] -- Installing: /home/adwait/workspace/flir_camera_driver/install/flir_camera_msgs/include/flir_camera_msgs/flir_camera_msgs/msg/rosidl_typesupport_fastrtps_cpp__visibility_control.h
[3.687s] -- Installing: /home/adwait/workspace/flir_camera_driver/install/flir_camera_msgs/lib/libflir_camera_msgs__rosidl_typesupport_fastrtps_cpp.so
[3.687s] -- Set runtime path of "/home/adwait/workspace/flir_camera_driver/install/flir_camera_msgs/lib/libflir_camera_msgs__rosidl_typesupport_fastrtps_cpp.so" to ""
[3.687s] -- Up-to-date: /home/adwait/workspace/flir_camera_driver/install/flir_camera_msgs/include/flir_camera_msgs/flir_camera_msgs
[3.687s] -- Up-to-date: /home/adwait/workspace/flir_camera_driver/install/flir_camera_msgs/include/flir_camera_msgs/flir_camera_msgs/msg
[3.687s] -- Up-to-date: /home/adwait/workspace/flir_camera_driver/install/flir_camera_msgs/include/flir_camera_msgs/flir_camera_msgs/msg/detail
[3.687s] -- Installing: /home/adwait/workspace/flir_camera_driver/install/flir_camera_msgs/include/flir_camera_msgs/flir_camera_msgs/msg/detail/image_meta_data__type_support.c
[3.687s] -- Installing: /home/adwait/workspace/flir_camera_driver/install/flir_camera_msgs/include/flir_camera_msgs/flir_camera_msgs/msg/detail/image_meta_data__rosidl_typesupport_introspection_c.h
[3.687s] -- Installing: /home/adwait/workspace/flir_camera_driver/install/flir_camera_msgs/include/flir_camera_msgs/flir_camera_msgs/msg/detail/camera_control__rosidl_typesupport_introspection_c.h
[3.688s] -- Installing: /home/adwait/workspace/flir_camera_driver/install/flir_camera_msgs/include/flir_camera_msgs/flir_camera_msgs/msg/detail/camera_control__type_support.c
[3.688s] -- Installing: /home/adwait/workspace/flir_camera_driver/install/flir_camera_msgs/include/flir_camera_msgs/flir_camera_msgs/msg/rosidl_typesupport_introspection_c__visibility_control.h
[3.688s] -- Installing: /home/adwait/workspace/flir_camera_driver/install/flir_camera_msgs/lib/libflir_camera_msgs__rosidl_typesupport_introspection_c.so
[3.688s] -- Set runtime path of "/home/adwait/workspace/flir_camera_driver/install/flir_camera_msgs/lib/libflir_camera_msgs__rosidl_typesupport_introspection_c.so" to ""
[3.688s] -- Installing: /home/adwait/workspace/flir_camera_driver/install/flir_camera_msgs/lib/libflir_camera_msgs__rosidl_typesupport_c.so
[3.688s] -- Set runtime path of "/home/adwait/workspace/flir_camera_driver/install/flir_camera_msgs/lib/libflir_camera_msgs__rosidl_typesupport_c.so" to ""
[3.688s] -- Up-to-date: /home/adwait/workspace/flir_camera_driver/install/flir_camera_msgs/include/flir_camera_msgs/flir_camera_msgs
[3.688s] -- Up-to-date: /home/adwait/workspace/flir_camera_driver/install/flir_camera_msgs/include/flir_camera_msgs/flir_camera_msgs/msg
[3.688s] -- Up-to-date: /home/adwait/workspace/flir_camera_driver/install/flir_camera_msgs/include/flir_camera_msgs/flir_camera_msgs/msg/detail
[3.688s] -- Installing: /home/adwait/workspace/flir_camera_driver/install/flir_camera_msgs/include/flir_camera_msgs/flir_camera_msgs/msg/detail/camera_control__type_support.cpp
[3.688s] -- Installing: /home/adwait/workspace/flir_camera_driver/install/flir_camera_msgs/include/flir_camera_msgs/flir_camera_msgs/msg/detail/image_meta_data__type_support.cpp
[3.688s] -- Installing: /home/adwait/workspace/flir_camera_driver/install/flir_camera_msgs/include/flir_camera_msgs/flir_camera_msgs/msg/detail/image_meta_data__rosidl_typesupport_introspection_cpp.hpp
[3.688s] -- Installing: /home/adwait/workspace/flir_camera_driver/install/flir_camera_msgs/include/flir_camera_msgs/flir_camera_msgs/msg/detail/camera_control__rosidl_typesupport_introspection_cpp.hpp
[3.688s] -- Installing: /home/adwait/workspace/flir_camera_driver/install/flir_camera_msgs/lib/libflir_camera_msgs__rosidl_typesupport_introspection_cpp.so
[3.689s] -- Set runtime path of "/home/adwait/workspace/flir_camera_driver/install/flir_camera_msgs/lib/libflir_camera_msgs__rosidl_typesupport_introspection_cpp.so" to ""
[3.689s] -- Installing: /home/adwait/workspace/flir_camera_driver/install/flir_camera_msgs/lib/libflir_camera_msgs__rosidl_typesupport_cpp.so
[3.689s] -- Set runtime path of "/home/adwait/workspace/flir_camera_driver/install/flir_camera_msgs/lib/libflir_camera_msgs__rosidl_typesupport_cpp.so" to ""
[3.689s] -- Installing: /home/adwait/workspace/flir_camera_driver/install/flir_camera_msgs/share/flir_camera_msgs/environment/pythonpath.sh
[3.689s] -- Installing: /home/adwait/workspace/flir_camera_driver/install/flir_camera_msgs/share/flir_camera_msgs/environment/pythonpath.dsv
[3.689s] -- Installing: /home/adwait/workspace/flir_camera_driver/install/flir_camera_msgs/local/lib/python3.10/dist-packages/flir_camera_msgs-2.0.8-py3.10.egg-info
[3.689s] -- Installing: /home/adwait/workspace/flir_camera_driver/install/flir_camera_msgs/local/lib/python3.10/dist-packages/flir_camera_msgs-2.0.8-py3.10.egg-info/top_level.txt
[3.689s] -- Installing: /home/adwait/workspace/flir_camera_driver/install/flir_camera_msgs/local/lib/python3.10/dist-packages/flir_camera_msgs-2.0.8-py3.10.egg-info/SOURCES.txt
[3.689s] -- Installing: /home/adwait/workspace/flir_camera_driver/install/flir_camera_msgs/local/lib/python3.10/dist-packages/flir_camera_msgs-2.0.8-py3.10.egg-info/PKG-INFO
[3.689s] -- Installing: /home/adwait/workspace/flir_camera_driver/install/flir_camera_msgs/local/lib/python3.10/dist-packages/flir_camera_msgs-2.0.8-py3.10.egg-info/dependency_links.txt
[3.689s] -- Installing: /home/adwait/workspace/flir_camera_driver/install/flir_camera_msgs/local/lib/python3.10/dist-packages/flir_camera_msgs
[3.689s] -- Installing: /home/adwait/workspace/flir_camera_driver/install/flir_camera_msgs/local/lib/python3.10/dist-packages/flir_camera_msgs/_flir_camera_msgs_s.ep.rosidl_typesupport_c.c
[3.689s] -- Installing: /home/adwait/workspace/flir_camera_driver/install/flir_camera_msgs/local/lib/python3.10/dist-packages/flir_camera_msgs/libflir_camera_msgs__rosidl_generator_py.so
[3.689s] -- Installing: /home/adwait/workspace/flir_camera_driver/install/flir_camera_msgs/local/lib/python3.10/dist-packages/flir_camera_msgs/msg
[3.690s] -- Installing: /home/adwait/workspace/flir_camera_driver/install/flir_camera_msgs/local/lib/python3.10/dist-packages/flir_camera_msgs/msg/__init__.py
[3.690s] -- Installing: /home/adwait/workspace/flir_camera_driver/install/flir_camera_msgs/local/lib/python3.10/dist-packages/flir_camera_msgs/msg/_image_meta_data.py
[3.690s] -- Installing: /home/adwait/workspace/flir_camera_driver/install/flir_camera_msgs/local/lib/python3.10/dist-packages/flir_camera_msgs/msg/_image_meta_data_s.c
[3.690s] -- Installing: /home/adwait/workspace/flir_camera_driver/install/flir_camera_msgs/local/lib/python3.10/dist-packages/flir_camera_msgs/msg/_camera_control.py
[3.690s] -- Installing: /home/adwait/workspace/flir_camera_driver/install/flir_camera_msgs/local/lib/python3.10/dist-packages/flir_camera_msgs/msg/_camera_control_s.c
[3.690s] -- Installing: /home/adwait/workspace/flir_camera_driver/install/flir_camera_msgs/local/lib/python3.10/dist-packages/flir_camera_msgs/flir_camera_msgs_s__rosidl_typesupport_introspection_c.cpython-310-x86_64-linux-gnu.so
[3.690s] -- Installing: /home/adwait/workspace/flir_camera_driver/install/flir_camera_msgs/local/lib/python3.10/dist-packages/flir_camera_msgs/_flir_camera_msgs_s.ep.rosidl_typesupport_introspection_c.c
[3.690s] -- Installing: /home/adwait/workspace/flir_camera_driver/install/flir_camera_msgs/local/lib/python3.10/dist-packages/flir_camera_msgs/__init__.py
[3.690s] -- Installing: /home/adwait/workspace/flir_camera_driver/install/flir_camera_msgs/local/lib/python3.10/dist-packages/flir_camera_msgs/flir_camera_msgs_s__rosidl_typesupport_c.cpython-310-x86_64-linux-gnu.so
[3.690s] -- Installing: /home/adwait/workspace/flir_camera_driver/install/flir_camera_msgs/local/lib/python3.10/dist-packages/flir_camera_msgs/_flir_camera_msgs_s.ep.rosidl_typesupport_fastrtps_c.c
[3.690s] -- Installing: /home/adwait/workspace/flir_camera_driver/install/flir_camera_msgs/local/lib/python3.10/dist-packages/flir_camera_msgs/flir_camera_msgs_s__rosidl_typesupport_fastrtps_c.cpython-310-x86_64-linux-gnu.so
[3.710s] Listing '/home/adwait/workspace/flir_camera_driver/install/flir_camera_msgs/local/lib/python3.10/dist-packages/flir_camera_msgs'...
[3.711s] Compiling '/home/adwait/workspace/flir_camera_driver/install/flir_camera_msgs/local/lib/python3.10/dist-packages/flir_camera_msgs/__init__.py'...
[3.711s] Listing '/home/adwait/workspace/flir_camera_driver/install/flir_camera_msgs/local/lib/python3.10/dist-packages/flir_camera_msgs/msg'...
[3.711s] Compiling '/home/adwait/workspace/flir_camera_driver/install/flir_camera_msgs/local/lib/python3.10/dist-packages/flir_camera_msgs/msg/__init__.py'...
[3.711s] Compiling '/home/adwait/workspace/flir_camera_driver/install/flir_camera_msgs/local/lib/python3.10/dist-packages/flir_camera_msgs/msg/_camera_control.py'...
[3.711s] Compiling '/home/adwait/workspace/flir_camera_driver/install/flir_camera_msgs/local/lib/python3.10/dist-packages/flir_camera_msgs/msg/_image_meta_data.py'...
[3.714s] -- Installing: /home/adwait/workspace/flir_camera_driver/install/flir_camera_msgs/local/lib/python3.10/dist-packages/flir_camera_msgs/flir_camera_msgs_s__rosidl_typesupport_fastrtps_c.cpython-310-x86_64-linux-gnu.so
[3.714s] -- Set runtime path of "/home/adwait/workspace/flir_camera_driver/install/flir_camera_msgs/local/lib/python3.10/dist-packages/flir_camera_msgs/flir_camera_msgs_s__rosidl_typesupport_fastrtps_c.cpython-310-x86_64-linux-gnu.so" to ""
[3.714s] -- Installing: /home/adwait/workspace/flir_camera_driver/install/flir_camera_msgs/local/lib/python3.10/dist-packages/flir_camera_msgs/flir_camera_msgs_s__rosidl_typesupport_introspection_c.cpython-310-x86_64-linux-gnu.so
[3.714s] -- Set runtime path of "/home/adwait/workspace/flir_camera_driver/install/flir_camera_msgs/local/lib/python3.10/dist-packages/flir_camera_msgs/flir_camera_msgs_s__rosidl_typesupport_introspection_c.cpython-310-x86_64-linux-gnu.so" to ""
[3.714s] -- Installing: /home/adwait/workspace/flir_camera_driver/install/flir_camera_msgs/local/lib/python3.10/dist-packages/flir_camera_msgs/flir_camera_msgs_s__rosidl_typesupport_c.cpython-310-x86_64-linux-gnu.so
[3.715s] -- Set runtime path of "/home/adwait/workspace/flir_camera_driver/install/flir_camera_msgs/local/lib/python3.10/dist-packages/flir_camera_msgs/flir_camera_msgs_s__rosidl_typesupport_c.cpython-310-x86_64-linux-gnu.so" to ""
[3.715s] -- Installing: /home/adwait/workspace/flir_camera_driver/install/flir_camera_msgs/lib/libflir_camera_msgs__rosidl_generator_py.so
[3.715s] -- Set runtime path of "/home/adwait/workspace/flir_camera_driver/install/flir_camera_msgs/lib/libflir_camera_msgs__rosidl_generator_py.so" to ""
[3.715s] -- Installing: /home/adwait/workspace/flir_camera_driver/install/flir_camera_msgs/share/flir_camera_msgs/msg/ImageMetaData.idl
[3.715s] -- Installing: /home/adwait/workspace/flir_camera_driver/install/flir_camera_msgs/share/flir_camera_msgs/msg/CameraControl.idl
[3.716s] -- Installing: /home/adwait/workspace/flir_camera_driver/install/flir_camera_msgs/share/flir_camera_msgs/msg/ImageMetaData.msg
[3.716s] -- Installing: /home/adwait/workspace/flir_camera_driver/install/flir_camera_msgs/share/flir_camera_msgs/msg/CameraControl.msg
[3.716s] -- Installing: /home/adwait/workspace/flir_camera_driver/install/flir_camera_msgs/share/ament_index/resource_index/package_run_dependencies/flir_camera_msgs
[3.716s] -- Installing: /home/adwait/workspace/flir_camera_driver/install/flir_camera_msgs/share/ament_index/resource_index/parent_prefix_path/flir_camera_msgs
[3.716s] -- Installing: /home/adwait/workspace/flir_camera_driver/install/flir_camera_msgs/share/flir_camera_msgs/environment/ament_prefix_path.sh
[3.716s] -- Installing: /home/adwait/workspace/flir_camera_driver/install/flir_camera_msgs/share/flir_camera_msgs/environment/ament_prefix_path.dsv
[3.716s] -- Installing: /home/adwait/workspace/flir_camera_driver/install/flir_camera_msgs/share/flir_camera_msgs/environment/path.sh
[3.716s] -- Installing: /home/adwait/workspace/flir_camera_driver/install/flir_camera_msgs/share/flir_camera_msgs/environment/path.dsv
[3.716s] -- Installing: /home/adwait/workspace/flir_camera_driver/install/flir_camera_msgs/share/flir_camera_msgs/local_setup.bash
[3.716s] -- Installing: /home/adwait/workspace/flir_camera_driver/install/flir_camera_msgs/share/flir_camera_msgs/local_setup.sh
[3.716s] -- Installing: /home/adwait/workspace/flir_camera_driver/install/flir_camera_msgs/share/flir_camera_msgs/local_setup.zsh
[3.716s] -- Installing: /home/adwait/workspace/flir_camera_driver/install/flir_camera_msgs/share/flir_camera_msgs/local_setup.dsv
[3.716s] -- Installing: /home/adwait/workspace/flir_camera_driver/install/flir_camera_msgs/share/flir_camera_msgs/package.dsv
[3.716s] -- Installing: /home/adwait/workspace/flir_camera_driver/install/flir_camera_msgs/share/ament_index/resource_index/packages/flir_camera_msgs
[3.717s] -- Installing: /home/adwait/workspace/flir_camera_driver/install/flir_camera_msgs/share/flir_camera_msgs/cmake/export_flir_camera_msgs__rosidl_generator_cExport.cmake
[3.717s] -- Installing: /home/adwait/workspace/flir_camera_driver/install/flir_camera_msgs/share/flir_camera_msgs/cmake/export_flir_camera_msgs__rosidl_generator_cExport-noconfig.cmake
[3.717s] -- Installing: /home/adwait/workspace/flir_camera_driver/install/flir_camera_msgs/share/flir_camera_msgs/cmake/export_flir_camera_msgs__rosidl_typesupport_fastrtps_cExport.cmake
[3.718s] -- Installing: /home/adwait/workspace/flir_camera_driver/install/flir_camera_msgs/share/flir_camera_msgs/cmake/export_flir_camera_msgs__rosidl_typesupport_fastrtps_cExport-noconfig.cmake
[3.718s] -- Installing: /home/adwait/workspace/flir_camera_driver/install/flir_camera_msgs/share/flir_camera_msgs/cmake/export_flir_camera_msgs__rosidl_generator_cppExport.cmake
[3.718s] -- Installing: /home/adwait/workspace/flir_camera_driver/install/flir_camera_msgs/share/flir_camera_msgs/cmake/export_flir_camera_msgs__rosidl_typesupport_fastrtps_cppExport.cmake
[3.718s] -- Installing: /home/adwait/workspace/flir_camera_driver/install/flir_camera_msgs/share/flir_camera_msgs/cmake/export_flir_camera_msgs__rosidl_typesupport_fastrtps_cppExport-noconfig.cmake
[3.718s] -- Installing: /home/adwait/workspace/flir_camera_driver/install/flir_camera_msgs/share/flir_camera_msgs/cmake/flir_camera_msgs__rosidl_typesupport_introspection_cExport.cmake
[3.718s] -- Installing: /home/adwait/workspace/flir_camera_driver/install/flir_camera_msgs/share/flir_camera_msgs/cmake/flir_camera_msgs__rosidl_typesupport_introspection_cExport-noconfig.cmake
[3.718s] -- Installing: /home/adwait/workspace/flir_camera_driver/install/flir_camera_msgs/share/flir_camera_msgs/cmake/flir_camera_msgs__rosidl_typesupport_cExport.cmake
[3.718s] -- Installing: /home/adwait/workspace/flir_camera_driver/install/flir_camera_msgs/share/flir_camera_msgs/cmake/flir_camera_msgs__rosidl_typesupport_cExport-noconfig.cmake
[3.718s] -- Installing: /home/adwait/workspace/flir_camera_driver/install/flir_camera_msgs/share/flir_camera_msgs/cmake/flir_camera_msgs__rosidl_typesupport_introspection_cppExport.cmake
[3.719s] -- Installing: /home/adwait/workspace/flir_camera_driver/install/flir_camera_msgs/share/flir_camera_msgs/cmake/flir_camera_msgs__rosidl_typesupport_introspection_cppExport-noconfig.cmake
[3.719s] -- Installing: /home/adwait/workspace/flir_camera_driver/install/flir_camera_msgs/share/flir_camera_msgs/cmake/flir_camera_msgs__rosidl_typesupport_cppExport.cmake
[3.719s] -- Installing: /home/adwait/workspace/flir_camera_driver/install/flir_camera_msgs/share/flir_camera_msgs/cmake/flir_camera_msgs__rosidl_typesupport_cppExport-noconfig.cmake
[3.719s] -- Installing: /home/adwait/workspace/flir_camera_driver/install/flir_camera_msgs/share/flir_camera_msgs/cmake/export_flir_camera_msgs__rosidl_generator_pyExport.cmake
[3.719s] -- Installing: /home/adwait/workspace/flir_camera_driver/install/flir_camera_msgs/share/flir_camera_msgs/cmake/export_flir_camera_msgs__rosidl_generator_pyExport-noconfig.cmake
[3.719s] -- Installing: /home/adwait/workspace/flir_camera_driver/install/flir_camera_msgs/share/flir_camera_msgs/cmake/rosidl_cmake-extras.cmake
[3.719s] -- Installing: /home/adwait/workspace/flir_camera_driver/install/flir_camera_msgs/share/flir_camera_msgs/cmake/ament_cmake_export_dependencies-extras.cmake
[3.719s] -- Installing: /home/adwait/workspace/flir_camera_driver/install/flir_camera_msgs/share/flir_camera_msgs/cmake/ament_cmake_export_include_directories-extras.cmake
[3.719s] -- Installing: /home/adwait/workspace/flir_camera_driver/install/flir_camera_msgs/share/flir_camera_msgs/cmake/ament_cmake_export_libraries-extras.cmake
[3.719s] -- Installing: /home/adwait/workspace/flir_camera_driver/install/flir_camera_msgs/share/flir_camera_msgs/cmake/ament_cmake_export_targets-extras.cmake
[3.719s] -- Installing: /home/adwait/workspace/flir_camera_driver/install/flir_camera_msgs/share/flir_camera_msgs/cmake/rosidl_cmake_export_typesupport_targets-extras.cmake
[3.719s] -- Installing: /home/adwait/workspace/flir_camera_driver/install/flir_camera_msgs/share/flir_camera_msgs/cmake/rosidl_cmake_export_typesupport_libraries-extras.cmake
[3.719s] -- Installing: /home/adwait/workspace/flir_camera_driver/install/flir_camera_msgs/share/flir_camera_msgs/cmake/flir_camera_msgsConfig.cmake
[3.719s] -- Installing: /home/adwait/workspace/flir_camera_driver/install/flir_camera_msgs/share/flir_camera_msgs/cmake/flir_camera_msgsConfig-version.cmake
[3.719s] -- Installing: /home/adwait/workspace/flir_camera_driver/install/flir_camera_msgs/share/flir_camera_msgs/package.xml
[3.721s] Invoked command in '/home/adwait/workspace/flir_camera_driver/build/flir_camera_msgs' returned '0': CMAKE_PREFIX_PATH=/opt/ros/humble /usr/local/bin/cmake --install /home/adwait/workspace/flir_camera_driver/build/flir_camera_msgs
