[0.286s] Invoking command in '/home/adwait/workspace/flir_camera_driver/build/spinnaker_camera_driver': AMENT_PREFIX_PATH=/home/adwait/workspace/flir_camera_driver/install/flir_camera_msgs:${AMENT_PREFIX_PATH} CMAKE_PREFIX_PATH=/home/adwait/workspace/flir_camera_driver/install/flir_camera_msgs:/opt/ros/humble LD_LIBRARY_PATH=/home/adwait/workspace/flir_camera_driver/install/flir_camera_msgs/lib:${LD_LIBRARY_PATH} PYTHONPATH=/home/adwait/workspace/flir_camera_driver/install/flir_camera_msgs/local/lib/python3.10/dist-packages:${PYTHONPATH} /usr/local/bin/cmake /home/adwait/workspace/flir_camera_driver/spinnaker_camera_driver -DCMAKE_INSTALL_PREFIX=/home/adwait/workspace/flir_camera_driver/install/spinnaker_camera_driver
[0.362s] -- The C compiler identification is GNU 11.4.0
[0.591s] -- The CXX compiler identification is GNU 11.4.0
[0.767s] -- Detecting C compiler ABI info
[1.025s] -- Detecting C compiler ABI info - done
[1.030s] -- Check for working C compiler: /usr/bin/cc - skipped
[1.030s] -- Detecting C compile features
[1.030s] -- Detecting C compile features - done
[1.032s] -- Detecting CXX compiler ABI info
[1.138s] -- Detecting CXX compiler ABI info - done
[1.143s] -- Check for working CXX compiler: /usr/bin/c++ - skipped
[1.143s] -- Detecting CXX compile features
[1.144s] -- Detecting CXX compile features - done
[1.273s] -- Found inc dir: SPINNAKER_INCLUDE_DIRS-NOTFOUND
[1.273s] -- Found variable: FALSE at SPINNAKER_LIBRARIES-NOTFOUND and SPINNAKER_INCLUDE_DIRS-NOTFOUND
[1.273s] -- spinnaker not found
[1.273s] -- libSpinnaker not found in system library path
[1.314s] -- Running download_spinnaker script with arguments: x86_64 /home/adwait/workspace/flir_camera_driver/build/spinnaker_camera_driver/usr/lib jammy
[53.500s] -- PROCESS RESULT: CPU architecture is %s x86_64
[53.500s] OS code name is %s jammy
[53.500s] Destination folder is %s /home/adwait/workspace/flir_camera_driver/build/spinnaker_camera_driver/usr/lib
[53.500s] Downloading SDK archive from https://packages.clearpathrobotics.com/stable/flir/Spinnaker/Ubuntu22.04/spinnaker-3.1.0.79-Ubuntu22.04-amd64-pkg.tar.gz...
[53.500s] Unpacking tarball.
[53.500s] Unpacking debs.
[53.500s] Extracting /home/adwait/workspace/flir_camera_driver/build/spinnaker_camera_driver/spinnaker-3.1.0.79-amd64/libspinnaker-dev_3.1.0.79_amd64.deb
[53.500s] Extracting /home/adwait/workspace/flir_camera_driver/build/spinnaker_camera_driver/spinnaker-3.1.0.79-amd64/spinview-qt_3.1.0.79_amd64.deb
[53.500s] Extracting /home/adwait/workspace/flir_camera_driver/build/spinnaker_camera_driver/spinnaker-3.1.0.79-amd64/libspinvideo-c-dev_3.1.0.79_amd64.deb
[53.500s] Extracting /home/adwait/workspace/flir_camera_driver/build/spinnaker_camera_driver/spinnaker-3.1.0.79-amd64/libgentl_3.1.0.79_amd64.deb
[53.500s] Extracting /home/adwait/workspace/flir_camera_driver/build/spinnaker_camera_driver/spinnaker-3.1.0.79-amd64/libspinnaker-c-dev_3.1.0.79_amd64.deb
[53.500s] Extracting /home/adwait/workspace/flir_camera_driver/build/spinnaker_camera_driver/spinnaker-3.1.0.79-amd64/libspinvideo_3.1.0.79_amd64.deb
[53.500s] Extracting /home/adwait/workspace/flir_camera_driver/build/spinnaker_camera_driver/spinnaker-3.1.0.79-amd64/spinnaker_3.1.0.79_amd64.deb
[53.500s] Extracting /home/adwait/workspace/flir_camera_driver/build/spinnaker_camera_driver/spinnaker-3.1.0.79-amd64/libspinnaker_3.1.0.79_amd64.deb
[53.500s] Extracting /home/adwait/workspace/flir_camera_driver/build/spinnaker_camera_driver/spinnaker-3.1.0.79-amd64/spinupdate_3.1.0.79_amd64.deb
[53.500s] Extracting /home/adwait/workspace/flir_camera_driver/build/spinnaker_camera_driver/spinnaker-3.1.0.79-amd64/spinupdate-dev_3.1.0.79_amd64.deb
[53.500s] Extracting /home/adwait/workspace/flir_camera_driver/build/spinnaker_camera_driver/spinnaker-3.1.0.79-amd64/spinnaker-doc_3.1.0.79_amd64.deb
[53.500s] Extracting /home/adwait/workspace/flir_camera_driver/build/spinnaker_camera_driver/spinnaker-3.1.0.79-amd64/libspinvideo-c_3.1.0.79_amd64.deb
[53.500s] Extracting /home/adwait/workspace/flir_camera_driver/build/spinnaker_camera_driver/spinnaker-3.1.0.79-amd64/libspinnaker-c_3.1.0.79_amd64.deb
[53.500s] Extracting /home/adwait/workspace/flir_camera_driver/build/spinnaker_camera_driver/spinnaker-3.1.0.79-amd64/libspinvideo-dev_3.1.0.79_amd64.deb
[53.500s] Extracting /home/adwait/workspace/flir_camera_driver/build/spinnaker_camera_driver/spinnaker-3.1.0.79-amd64/spinview-qt-dev_3.1.0.79_amd64.deb
[53.501s] Copying libraries to /home/adwait/workspace/flir_camera_driver/build/spinnaker_camera_driver/usr/lib
[53.501s] Copying: libSpinnaker_C.so.3
[53.501s] Copying: libSpinnaker_C.so
[53.501s] Copying: libSpinnaker_C.so.3.1.0.79
[53.501s] Copying: libSpinnaker.so
[53.501s] Copying: libSpinnaker.so.3.1.0.79
[53.501s] Copying: libSpinnaker.so.3
[53.501s] Copying: libGCBase_gcc11_v3_0.so
[53.501s] Copying: libGenApi_gcc11_v3_0.so
[53.501s] Copying: libXmlParser_gcc11_v3_0.so
[53.501s] Copying: libMathParser_gcc11_v3_0.so
[53.501s] Copying: libLog_gcc11_v3_0.so
[53.501s] Copying: libNodeMapData_gcc11_v3_0.so
[53.501s] 
[53.501s] -- libSpinnaker library location: /home/adwait/workspace/flir_camera_driver/build/spinnaker_camera_driver/usr/lib/libSpinnaker.so
[53.501s] -- libSpinnaker include location: /home/adwait/workspace/flir_camera_driver/build/spinnaker_camera_driver/opt/spinnaker/include
[53.501s] -- Found inc dir: /home/adwait/workspace/flir_camera_driver/build/spinnaker_camera_driver/opt/spinnaker/include
[53.501s] -- Found SPINNAKER: /home/adwait/workspace/flir_camera_driver/build/spinnaker_camera_driver/opt/spinnaker/include  
[53.508s] -- Found ament_cmake: 1.3.11 (/opt/ros/humble/share/ament_cmake/cmake)
[53.599s] -- Found Python3: /usr/bin/python3 (found version "3.10.12") found components: Interpreter 
[53.691s] -- Found ament_cmake_ros: 0.10.0 (/opt/ros/humble/share/ament_cmake_ros/cmake)
[53.700s] -- Found rclcpp: 16.0.12 (/opt/ros/humble/share/rclcpp/cmake)
[53.842s] -- Found rosidl_generator_c: 3.1.6 (/opt/ros/humble/share/rosidl_generator_c/cmake)
[53.850s] -- Found rosidl_adapter: 3.1.6 (/opt/ros/humble/share/rosidl_adapter/cmake)
[53.867s] -- Found rosidl_generator_cpp: 3.1.6 (/opt/ros/humble/share/rosidl_generator_cpp/cmake)
[53.883s] -- Using all available rosidl_typesupport_c: rosidl_typesupport_fastrtps_c;rosidl_typesupport_introspection_c
[53.900s] -- Using all available rosidl_typesupport_cpp: rosidl_typesupport_fastrtps_cpp;rosidl_typesupport_introspection_cpp
[53.946s] -- Found rmw_implementation_cmake: 6.1.2 (/opt/ros/humble/share/rmw_implementation_cmake/cmake)
[53.949s] -- Found rmw_fastrtps_cpp: 6.2.7 (/opt/ros/humble/share/rmw_fastrtps_cpp/cmake)
[55.970s] -- Found OpenSSL: /usr/lib/x86_64-linux-gnu/libcrypto.so (found version "3.0.2")  
[57.618s] -- Found FastRTPS: /opt/ros/humble/include  
[61.862s] -- Using RMW implementation 'rmw_fastrtps_cpp' as default
[61.886s] -- Performing Test CMAKE_HAVE_LIBC_PTHREAD
[62.174s] -- Performing Test CMAKE_HAVE_LIBC_PTHREAD - Success
[62.175s] -- Found Threads: TRUE  
[62.293s] -- Found rclcpp_components: 16.0.12 (/opt/ros/humble/share/rclcpp_components/cmake)
[62.323s] -- Found sensor_msgs: 4.8.0 (/opt/ros/humble/share/sensor_msgs/cmake)
[62.353s] -- Found camera_info_manager: 3.1.11 (/opt/ros/humble/share/camera_info_manager/cmake)
[62.366s] -- Found image_transport: 3.1.11 (/opt/ros/humble/share/image_transport/cmake)
[64.655s] -- Found flir_camera_msgs: 2.0.8 (/home/adwait/workspace/flir_camera_driver/install/flir_camera_msgs/share/flir_camera_msgs/cmake)
[64.679s] -- installing spinnaker libraries from /home/adwait/workspace/flir_camera_driver/build/spinnaker_camera_driver/opt/spinnaker/lib
[64.683s] -- Found ament_cmake_copyright: 0.12.12 (/opt/ros/humble/share/ament_cmake_copyright/cmake)
[64.686s] -- Found ament_cmake_cppcheck: 0.12.12 (/opt/ros/humble/share/ament_cmake_cppcheck/cmake)
[64.688s] -- Found ament_cmake_cpplint: 0.12.12 (/opt/ros/humble/share/ament_cmake_cpplint/cmake)
[64.690s] -- Found ament_cmake_flake8: 0.12.12 (/opt/ros/humble/share/ament_cmake_flake8/cmake)
[64.693s] -- Found ament_cmake_lint_cmake: 0.12.12 (/opt/ros/humble/share/ament_cmake_lint_cmake/cmake)
[64.695s] -- Found ament_cmake_pep257: 0.12.12 (/opt/ros/humble/share/ament_cmake_pep257/cmake)
[64.698s] -- Found ament_cmake_clang_format: 0.12.12 (/opt/ros/humble/share/ament_cmake_clang_format/cmake)
[64.700s] -- Found ament_cmake_xmllint: 0.12.12 (/opt/ros/humble/share/ament_cmake_xmllint/cmake)
[64.762s] -- Configuring done
[64.776s] -- Generating done
[64.782s] -- Build files have been written to: /home/adwait/workspace/flir_camera_driver/build/spinnaker_camera_driver
[64.789s] Invoked command in '/home/adwait/workspace/flir_camera_driver/build/spinnaker_camera_driver' returned '0': AMENT_PREFIX_PATH=/home/adwait/workspace/flir_camera_driver/install/flir_camera_msgs:${AMENT_PREFIX_PATH} CMAKE_PREFIX_PATH=/home/adwait/workspace/flir_camera_driver/install/flir_camera_msgs:/opt/ros/humble LD_LIBRARY_PATH=/home/adwait/workspace/flir_camera_driver/install/flir_camera_msgs/lib:${LD_LIBRARY_PATH} PYTHONPATH=/home/adwait/workspace/flir_camera_driver/install/flir_camera_msgs/local/lib/python3.10/dist-packages:${PYTHONPATH} /usr/local/bin/cmake /home/adwait/workspace/flir_camera_driver/spinnaker_camera_driver -DCMAKE_INSTALL_PREFIX=/home/adwait/workspace/flir_camera_driver/install/spinnaker_camera_driver
[64.791s] Invoking command in '/home/adwait/workspace/flir_camera_driver/build/spinnaker_camera_driver': AMENT_PREFIX_PATH=/home/adwait/workspace/flir_camera_driver/install/flir_camera_msgs:${AMENT_PREFIX_PATH} CMAKE_PREFIX_PATH=/home/adwait/workspace/flir_camera_driver/install/flir_camera_msgs:/opt/ros/humble LD_LIBRARY_PATH=/home/adwait/workspace/flir_camera_driver/install/flir_camera_msgs/lib:${LD_LIBRARY_PATH} PYTHONPATH=/home/adwait/workspace/flir_camera_driver/install/flir_camera_msgs/local/lib/python3.10/dist-packages:${PYTHONPATH} /usr/local/bin/cmake --build /home/adwait/workspace/flir_camera_driver/build/spinnaker_camera_driver -- -j20 -l20
[64.806s] [ 20%] [32mBuilding CXX object CMakeFiles/camera_driver.dir/src/camera.cpp.o[0m
[64.807s] [ 20%] [32mBuilding CXX object CMakeFiles/camera_driver.dir/src/camera_driver.cpp.o[0m
[64.807s] [ 30%] [32mBuilding CXX object CMakeFiles/camera_driver.dir/src/spinnaker_wrapper.cpp.o[0m
[64.807s] [ 40%] [32mBuilding CXX object CMakeFiles/camera_driver.dir/src/pixel_format.cpp.o[0m
[64.807s] [ 50%] [32mBuilding CXX object CMakeFiles/camera_driver.dir/src/spinnaker_wrapper_impl.cpp.o[0m
[64.808s] [ 60%] [32mBuilding CXX object CMakeFiles/camera_driver.dir/src/genicam_utils.cpp.o[0m
[64.809s] [ 70%] [32mBuilding CXX object CMakeFiles/camera_driver.dir/src/image.cpp.o[0m
[77.897s] [ 80%] [32m[1mLinking CXX shared library libcamera_driver.so[0m
[78.584s] [ 80%] Built target camera_driver
[78.590s] [ 90%] [32mBuilding CXX object CMakeFiles/camera_driver_node.dir/src/camera_driver_node.cpp.o[0m
[81.136s] [100%] [32m[1mLinking CXX executable camera_driver_node[0m
[81.336s] [100%] Built target camera_driver_node
[81.340s] Invoked command in '/home/adwait/workspace/flir_camera_driver/build/spinnaker_camera_driver' returned '0': AMENT_PREFIX_PATH=/home/adwait/workspace/flir_camera_driver/install/flir_camera_msgs:${AMENT_PREFIX_PATH} CMAKE_PREFIX_PATH=/home/adwait/workspace/flir_camera_driver/install/flir_camera_msgs:/opt/ros/humble LD_LIBRARY_PATH=/home/adwait/workspace/flir_camera_driver/install/flir_camera_msgs/lib:${LD_LIBRARY_PATH} PYTHONPATH=/home/adwait/workspace/flir_camera_driver/install/flir_camera_msgs/local/lib/python3.10/dist-packages:${PYTHONPATH} /usr/local/bin/cmake --build /home/adwait/workspace/flir_camera_driver/build/spinnaker_camera_driver -- -j20 -l20
[81.341s] Invoking command in '/home/adwait/workspace/flir_camera_driver/build/spinnaker_camera_driver': AMENT_PREFIX_PATH=/home/adwait/workspace/flir_camera_driver/install/flir_camera_msgs:${AMENT_PREFIX_PATH} CMAKE_PREFIX_PATH=/home/adwait/workspace/flir_camera_driver/install/flir_camera_msgs:/opt/ros/humble LD_LIBRARY_PATH=/home/adwait/workspace/flir_camera_driver/install/flir_camera_msgs/lib:${LD_LIBRARY_PATH} PYTHONPATH=/home/adwait/workspace/flir_camera_driver/install/flir_camera_msgs/local/lib/python3.10/dist-packages:${PYTHONPATH} /usr/local/bin/cmake --install /home/adwait/workspace/flir_camera_driver/build/spinnaker_camera_driver
[81.343s] -- Install configuration: "RelWithDebInfo"
[81.343s] -- Installing: /home/adwait/workspace/flir_camera_driver/install/spinnaker_camera_driver/./lib
[81.345s] -- Installing: /home/adwait/workspace/flir_camera_driver/install/spinnaker_camera_driver/./lib/flir-gentl
[81.345s] -- Installing: /home/adwait/workspace/flir_camera_driver/install/spinnaker_camera_driver/./lib/flir-gentl/log4cpp.gentl.property
[81.345s] -- Installing: /home/adwait/workspace/flir_camera_driver/install/spinnaker_camera_driver/./lib/flir-gentl/FLIR_GenTL.cti
[81.347s] -- Installing: /home/adwait/workspace/flir_camera_driver/install/spinnaker_camera_driver/./lib/libSpinVideo.so.3
[81.347s] -- Installing: /home/adwait/workspace/flir_camera_driver/install/spinnaker_camera_driver/./lib/libSpinnaker_C.so.3
[81.347s] -- Installing: /home/adwait/workspace/flir_camera_driver/install/spinnaker_camera_driver/./lib/libSpinnaker_C.so
[81.347s] -- Installing: /home/adwait/workspace/flir_camera_driver/install/spinnaker_camera_driver/./lib/libSpinVideo_C.so
[81.347s] -- Installing: /home/adwait/workspace/flir_camera_driver/install/spinnaker_camera_driver/./lib/libSpinVideo_C.so.3
[81.347s] -- Installing: /home/adwait/workspace/flir_camera_driver/install/spinnaker_camera_driver/./lib/libXmlParser_gcc11_v3_0.so
[81.348s] -- Installing: /home/adwait/workspace/flir_camera_driver/install/spinnaker_camera_driver/./lib/libSpinnaker_C.so.3.1.0.79
[81.349s] -- Installing: /home/adwait/workspace/flir_camera_driver/install/spinnaker_camera_driver/./lib/libGCBase_gcc11_v3_0.so
[81.349s] -- Installing: /home/adwait/workspace/flir_camera_driver/install/spinnaker_camera_driver/./lib/libSpinVideo.so
[81.349s] -- Installing: /home/adwait/workspace/flir_camera_driver/install/spinnaker_camera_driver/./lib/libLog_gcc11_v3_0.so
[81.349s] -- Installing: /home/adwait/workspace/flir_camera_driver/install/spinnaker_camera_driver/./lib/libSpinVideo.so.3.1.0.79
[81.355s] -- Installing: /home/adwait/workspace/flir_camera_driver/install/spinnaker_camera_driver/./lib/libSpinnaker.so
[81.355s] -- Installing: /home/adwait/workspace/flir_camera_driver/install/spinnaker_camera_driver/./lib/liblog4cpp_gcc11_v3_0.so
[81.355s] -- Installing: /home/adwait/workspace/flir_camera_driver/install/spinnaker_camera_driver/./lib/libNodeMapData_gcc11_v3_0.so
[81.355s] -- Installing: /home/adwait/workspace/flir_camera_driver/install/spinnaker_camera_driver/./lib/libSpinVideo_C.so.3.1.0.79
[81.355s] -- Installing: /home/adwait/workspace/flir_camera_driver/install/spinnaker_camera_driver/./lib/libSpinUpdate.so.3.1.0.79
[81.357s] -- Installing: /home/adwait/workspace/flir_camera_driver/install/spinnaker_camera_driver/./lib/libMathParser_gcc11_v3_0.so
[81.357s] -- Installing: /home/adwait/workspace/flir_camera_driver/install/spinnaker_camera_driver/./lib/libSpinnaker.so.3.1.0.79
[81.382s] -- Installing: /home/adwait/workspace/flir_camera_driver/install/spinnaker_camera_driver/./lib/libSpinnaker.so.3
[81.382s] -- Installing: /home/adwait/workspace/flir_camera_driver/install/spinnaker_camera_driver/./lib/libSpinUpdate.so
[81.382s] -- Installing: /home/adwait/workspace/flir_camera_driver/install/spinnaker_camera_driver/./lib/libGenApi_gcc11_v3_0.so
[81.385s] -- Installing: /home/adwait/workspace/flir_camera_driver/install/spinnaker_camera_driver/./lib/libSpinUpdate.so.3
[81.385s] -- Installing: /home/adwait/workspace/flir_camera_driver/install/spinnaker_camera_driver/lib/spinnaker_camera_driver/camera_driver_node
[81.386s] -- Set runtime path of "/home/adwait/workspace/flir_camera_driver/install/spinnaker_camera_driver/lib/spinnaker_camera_driver/camera_driver_node" to ""
[81.386s] -- Installing: /home/adwait/workspace/flir_camera_driver/install/spinnaker_camera_driver/lib/libcamera_driver.so
[81.395s] -- Set runtime path of "/home/adwait/workspace/flir_camera_driver/install/spinnaker_camera_driver/lib/libcamera_driver.so" to ""
[81.396s] -- Installing: /home/adwait/workspace/flir_camera_driver/install/spinnaker_camera_driver/lib/cmake/spinnaker_camera_driver/spinnaker_camera_driverTargets.cmake
[81.396s] -- Installing: /home/adwait/workspace/flir_camera_driver/install/spinnaker_camera_driver/lib/cmake/spinnaker_camera_driver/spinnaker_camera_driverTargets-relwithdebinfo.cmake
[81.396s] -- Installing: /home/adwait/workspace/flir_camera_driver/install/spinnaker_camera_driver/lib/cmake/spinnaker_camera_driver/spinnaker_camera_driverConfig.cmake
[81.396s] -- Installing: /home/adwait/workspace/flir_camera_driver/install/spinnaker_camera_driver/lib/cmake/spinnaker_camera_driver/spinnaker_camera_driverConfigVersion.cmake
[81.396s] -- Installing: /home/adwait/workspace/flir_camera_driver/install/spinnaker_camera_driver/include
[81.397s] -- Installing: /home/adwait/workspace/flir_camera_driver/install/spinnaker_camera_driver/include/spinnaker_camera_driver
[81.397s] -- Installing: /home/adwait/workspace/flir_camera_driver/install/spinnaker_camera_driver/include/spinnaker_camera_driver/spinnaker_wrapper.hpp
[81.397s] -- Installing: /home/adwait/workspace/flir_camera_driver/install/spinnaker_camera_driver/include/spinnaker_camera_driver/image.hpp
[81.397s] -- Installing: /home/adwait/workspace/flir_camera_driver/install/spinnaker_camera_driver/include/spinnaker_camera_driver/synchronizer.hpp
[81.397s] -- Installing: /home/adwait/workspace/flir_camera_driver/install/spinnaker_camera_driver/include/spinnaker_camera_driver/logging.hpp
[81.397s] -- Installing: /home/adwait/workspace/flir_camera_driver/install/spinnaker_camera_driver/include/spinnaker_camera_driver/camera_driver.hpp
[81.397s] -- Installing: /home/adwait/workspace/flir_camera_driver/install/spinnaker_camera_driver/include/spinnaker_camera_driver/pixel_format.hpp
[81.397s] -- Installing: /home/adwait/workspace/flir_camera_driver/install/spinnaker_camera_driver/include/spinnaker_camera_driver/exposure_controller.hpp
[81.397s] -- Installing: /home/adwait/workspace/flir_camera_driver/install/spinnaker_camera_driver/include/spinnaker_camera_driver/camera.hpp
[81.398s] -- Installing: /home/adwait/workspace/flir_camera_driver/install/spinnaker_camera_driver/share/spinnaker_camera_driver//config
[81.398s] -- Installing: /home/adwait/workspace/flir_camera_driver/install/spinnaker_camera_driver/share/spinnaker_camera_driver//config/flir_ax5.yaml
[81.398s] -- Installing: /home/adwait/workspace/flir_camera_driver/install/spinnaker_camera_driver/share/spinnaker_camera_driver//config/blackfly_s.yaml
[81.399s] -- Installing: /home/adwait/workspace/flir_camera_driver/install/spinnaker_camera_driver/share/spinnaker_camera_driver//config/grasshopper.yaml
[81.399s] -- Installing: /home/adwait/workspace/flir_camera_driver/install/spinnaker_camera_driver/share/spinnaker_camera_driver//config/chameleon.yaml
[81.399s] -- Installing: /home/adwait/workspace/flir_camera_driver/install/spinnaker_camera_driver/share/spinnaker_camera_driver//config/oryx.yaml
[81.400s] -- Installing: /home/adwait/workspace/flir_camera_driver/install/spinnaker_camera_driver/share/spinnaker_camera_driver//config/blackfly.yaml
[81.400s] -- Installing: /home/adwait/workspace/flir_camera_driver/install/spinnaker_camera_driver/share/spinnaker_camera_driver//launch
[81.401s] -- Installing: /home/adwait/workspace/flir_camera_driver/install/spinnaker_camera_driver/share/spinnaker_camera_driver//launch/multiple_cameras.launch.py
[81.401s] -- Installing: /home/adwait/workspace/flir_camera_driver/install/spinnaker_camera_driver/share/spinnaker_camera_driver//launch/driver_node.launch.py
[81.401s] -- Installing: /home/adwait/workspace/flir_camera_driver/install/spinnaker_camera_driver/lib/spinnaker_camera_driver/linux_setup_flir
[81.402s] -- Installing: /home/adwait/workspace/flir_camera_driver/install/spinnaker_camera_driver/share/ament_index/resource_index/package_run_dependencies/spinnaker_camera_driver
[81.402s] -- Installing: /home/adwait/workspace/flir_camera_driver/install/spinnaker_camera_driver/share/ament_index/resource_index/parent_prefix_path/spinnaker_camera_driver
[81.403s] -- Installing: /home/adwait/workspace/flir_camera_driver/install/spinnaker_camera_driver/share/spinnaker_camera_driver/environment/ament_prefix_path.sh
[81.403s] -- Installing: /home/adwait/workspace/flir_camera_driver/install/spinnaker_camera_driver/share/spinnaker_camera_driver/environment/ament_prefix_path.dsv
[81.403s] -- Installing: /home/adwait/workspace/flir_camera_driver/install/spinnaker_camera_driver/share/spinnaker_camera_driver/environment/path.sh
[81.403s] -- Installing: /home/adwait/workspace/flir_camera_driver/install/spinnaker_camera_driver/share/spinnaker_camera_driver/environment/path.dsv
[81.403s] -- Installing: /home/adwait/workspace/flir_camera_driver/install/spinnaker_camera_driver/share/spinnaker_camera_driver/local_setup.bash
[81.403s] -- Installing: /home/adwait/workspace/flir_camera_driver/install/spinnaker_camera_driver/share/spinnaker_camera_driver/local_setup.sh
[81.403s] -- Installing: /home/adwait/workspace/flir_camera_driver/install/spinnaker_camera_driver/share/spinnaker_camera_driver/local_setup.zsh
[81.403s] -- Installing: /home/adwait/workspace/flir_camera_driver/install/spinnaker_camera_driver/share/spinnaker_camera_driver/local_setup.dsv
[81.403s] -- Installing: /home/adwait/workspace/flir_camera_driver/install/spinnaker_camera_driver/share/spinnaker_camera_driver/package.dsv
[81.404s] -- Installing: /home/adwait/workspace/flir_camera_driver/install/spinnaker_camera_driver/share/ament_index/resource_index/packages/spinnaker_camera_driver
[81.404s] -- Installing: /home/adwait/workspace/flir_camera_driver/install/spinnaker_camera_driver/share/ament_index/resource_index/rclcpp_components/spinnaker_camera_driver
[81.404s] -- Installing: /home/adwait/workspace/flir_camera_driver/install/spinnaker_camera_driver/share/spinnaker_camera_driver/cmake/spinnaker_camera_driverConfig.cmake
[81.404s] -- Installing: /home/adwait/workspace/flir_camera_driver/install/spinnaker_camera_driver/share/spinnaker_camera_driver/cmake/spinnaker_camera_driverConfig-version.cmake
[81.404s] -- Installing: /home/adwait/workspace/flir_camera_driver/install/spinnaker_camera_driver/share/spinnaker_camera_driver/package.xml
[81.405s] Invoked command in '/home/adwait/workspace/flir_camera_driver/build/spinnaker_camera_driver' returned '0': AMENT_PREFIX_PATH=/home/adwait/workspace/flir_camera_driver/install/flir_camera_msgs:${AMENT_PREFIX_PATH} CMAKE_PREFIX_PATH=/home/adwait/workspace/flir_camera_driver/install/flir_camera_msgs:/opt/ros/humble LD_LIBRARY_PATH=/home/adwait/workspace/flir_camera_driver/install/flir_camera_msgs/lib:${LD_LIBRARY_PATH} PYTHONPATH=/home/adwait/workspace/flir_camera_driver/install/flir_camera_msgs/local/lib/python3.10/dist-packages:${PYTHONPATH} /usr/local/bin/cmake --install /home/adwait/workspace/flir_camera_driver/build/spinnaker_camera_driver
