[0.010s] Invoking command in '/home/adwait/workspace/flir_camera_driver/build/flir_camera_description': CMAKE_PREFIX_PATH=/opt/ros/humble /usr/local/bin/cmake /home/adwait/workspace/flir_camera_driver/flir_camera_description -DCMAKE_INSTALL_PREFIX=/home/adwait/workspace/flir_camera_driver/install/flir_camera_description
[0.018s] -- Found ament_cmake: 1.3.11 (/opt/ros/humble/share/ament_cmake/cmake)
[0.090s] -- Found Python3: /usr/bin/python3 (found version "3.10.12") found components: Interpreter 
[0.165s] -- Found ament_lint_auto: 0.12.12 (/opt/ros/humble/share/ament_lint_auto/cmake)
[0.222s] -- Added test 'copyright' to check source files copyright and LICENSE
[0.223s] -- Added test 'flake8' to check Python code syntax and style conventions
[0.224s] -- Added test 'lint_cmake' to check CMake code style
[0.225s] -- Added test 'pep257' to check Python code against some of the docstring style conventions in PEP 257
[0.226s] -- Added test 'xmllint' to check XML markup files
[0.227s] -- Configuring done
[0.229s] -- Generating done
[0.230s] -- Build files have been written to: /home/adwait/workspace/flir_camera_driver/build/flir_camera_description
[0.233s] Invoked command in '/home/adwait/workspace/flir_camera_driver/build/flir_camera_description' returned '0': CMAKE_PREFIX_PATH=/opt/ros/humble /usr/local/bin/cmake /home/adwait/workspace/flir_camera_driver/flir_camera_description -DCMAKE_INSTALL_PREFIX=/home/adwait/workspace/flir_camera_driver/install/flir_camera_description
[0.234s] Invoking command in '/home/adwait/workspace/flir_camera_driver/build/flir_camera_description': CMAKE_PREFIX_PATH=/opt/ros/humble /usr/local/bin/cmake --build /home/adwait/workspace/flir_camera_driver/build/flir_camera_description -- -j20 -l20
[0.244s] Invoked command in '/home/adwait/workspace/flir_camera_driver/build/flir_camera_description' returned '0': CMAKE_PREFIX_PATH=/opt/ros/humble /usr/local/bin/cmake --build /home/adwait/workspace/flir_camera_driver/build/flir_camera_description -- -j20 -l20
[0.247s] Invoking command in '/home/adwait/workspace/flir_camera_driver/build/flir_camera_description': CMAKE_PREFIX_PATH=/opt/ros/humble /usr/local/bin/cmake --install /home/adwait/workspace/flir_camera_driver/build/flir_camera_description
[0.249s] -- Install configuration: ""
[0.249s] -- Installing: /home/adwait/workspace/flir_camera_driver/install/flir_camera_description/share/flir_camera_description/launch
[0.250s] -- Installing: /home/adwait/workspace/flir_camera_driver/install/flir_camera_description/share/flir_camera_description/launch/demo.launch.py
[0.250s] -- Installing: /home/adwait/workspace/flir_camera_driver/install/flir_camera_description/share/flir_camera_description/meshes
[0.251s] -- Installing: /home/adwait/workspace/flir_camera_driver/install/flir_camera_description/share/flir_camera_description/meshes/flir_blackfly_s.stl
[0.252s] -- Installing: /home/adwait/workspace/flir_camera_driver/install/flir_camera_description/share/flir_camera_description/urdf
[0.252s] -- Installing: /home/adwait/workspace/flir_camera_driver/install/flir_camera_description/share/flir_camera_description/urdf/demo.urdf.xacro
[0.252s] -- Installing: /home/adwait/workspace/flir_camera_driver/install/flir_camera_description/share/flir_camera_description/urdf/flir_blackfly_s.urdf.xacro
[0.253s] -- Installing: /home/adwait/workspace/flir_camera_driver/install/flir_camera_description/share/ament_index/resource_index/package_run_dependencies/flir_camera_description
[0.253s] -- Installing: /home/adwait/workspace/flir_camera_driver/install/flir_camera_description/share/ament_index/resource_index/parent_prefix_path/flir_camera_description
[0.253s] -- Installing: /home/adwait/workspace/flir_camera_driver/install/flir_camera_description/share/flir_camera_description/environment/ament_prefix_path.sh
[0.253s] -- Installing: /home/adwait/workspace/flir_camera_driver/install/flir_camera_description/share/flir_camera_description/environment/ament_prefix_path.dsv
[0.253s] -- Installing: /home/adwait/workspace/flir_camera_driver/install/flir_camera_description/share/flir_camera_description/environment/path.sh
[0.254s] -- Installing: /home/adwait/workspace/flir_camera_driver/install/flir_camera_description/share/flir_camera_description/environment/path.dsv
[0.254s] -- Installing: /home/adwait/workspace/flir_camera_driver/install/flir_camera_description/share/flir_camera_description/local_setup.bash
[0.254s] -- Installing: /home/adwait/workspace/flir_camera_driver/install/flir_camera_description/share/flir_camera_description/local_setup.sh
[0.254s] -- Installing: /home/adwait/workspace/flir_camera_driver/install/flir_camera_description/share/flir_camera_description/local_setup.zsh
[0.254s] -- Installing: /home/adwait/workspace/flir_camera_driver/install/flir_camera_description/share/flir_camera_description/local_setup.dsv
[0.254s] -- Installing: /home/adwait/workspace/flir_camera_driver/install/flir_camera_description/share/flir_camera_description/package.dsv
[0.254s] -- Installing: /home/adwait/workspace/flir_camera_driver/install/flir_camera_description/share/ament_index/resource_index/packages/flir_camera_description
[0.254s] -- Installing: /home/adwait/workspace/flir_camera_driver/install/flir_camera_description/share/flir_camera_description/cmake/flir_camera_descriptionConfig.cmake
[0.255s] -- Installing: /home/adwait/workspace/flir_camera_driver/install/flir_camera_description/share/flir_camera_description/cmake/flir_camera_descriptionConfig-version.cmake
[0.255s] -- Installing: /home/adwait/workspace/flir_camera_driver/install/flir_camera_description/share/flir_camera_description/package.xml
[0.256s] Invoked command in '/home/adwait/workspace/flir_camera_driver/build/flir_camera_description' returned '0': CMAKE_PREFIX_PATH=/opt/ros/humble /usr/local/bin/cmake --install /home/adwait/workspace/flir_camera_driver/build/flir_camera_description
